2026-02-28 11:33:36,473 [INFO] LTO: Backup created: D:\LTO\backups\warehouse_20260228_113336.db
2026-02-28 11:37:47,460 [INFO] LTO: Backup created: D:\LTO\backups\warehouse_20260228_113747.db
2026-02-28 11:39:25,337 [INFO] LTO: Backup created: D:\LTO\backups\warehouse_20260228_113925.db
2026-02-28 11:39:57,288 [WARNING] LTO: reportlab not installed: pip install reportlab
2026-02-28 11:40:20,111 [WARNING] LTO: reportlab not installed: pip install reportlab
2026-02-28 11:43:06,121 [INFO] LTO: Backup created: D:\LTO\backups\warehouse_20260228_114306.db
2026-02-28 11:43:10,363 [INFO] LTO: Exported stock to PDF: D:/LTO/ыв.pdf
2026-02-28 11:48:16,654 [INFO] LTO: Backup created: D:\LTO\backups\warehouse_20260228_114816.db
2026-02-28 11:48:24,518 [INFO] LTO: Exported stock to PDF: D:/LTO/ыв.pdf
2026-02-28 11:50:38,643 [INFO] LTO: Exported stock to PDF: D:/LTO/ыв.pdf
2026-02-28 11:50:59,779 [INFO] LTO: Exported stock to PDF: D:/LTO/ФЫ.pdf
2026-02-28 11:52:49,329 [INFO] LTO: Backup created: D:\LTO\backups\warehouse_20260228_115249.db
2026-02-28 11:52:54,636 [INFO] LTO: Exported stock to PDF: D:/LTO/вв.pdf
2026-02-28 12:03:16,201 [INFO] LTO: Backup created: D:\LTO\backups\warehouse_20260228_120316.db
2026-02-28 12:17:03,298 [INFO] LTO: Backup created: D:\LTO\backups\warehouse_20260228_121703.db
2026-02-28 12:19:36,620 [INFO] LTO: Backup created: D:\LTO\backups\warehouse_20260228_121936.db
2026-02-28 12:23:57,590 [INFO] LTO: Backup created: D:\LTO\backups\warehouse_20260228_122357.db
2026-02-28 12:26:20,855 [INFO] LTO: Backup created: D:\LTO\backups\warehouse_20260228_122620.db
2026-02-28 12:27:56,963 [INFO] LTO: Backup created: D:\LTO\backups\warehouse_20260228_122756.db
2026-02-28 12:34:47,640 [INFO] LTO: Backup created: D:\LTO\backups\warehouse_20260228_123447.db
2026-02-28 12:37:01,503 [INFO] LTO: Backup created: D:\LTO\backups\warehouse_20260228_123701.db
2026-02-28 13:06:58,427 [INFO] LTO: Backup created: D:\LTO\backups\warehouse_20260228_130658.db
2026-02-28 13:09:20,148 [INFO] LTO: Backup created: D:\LTO\backups\warehouse_20260228_130920.db
2026-02-28 13:14:34,744 [INFO] LTO: Backup created: D:\LTO\backups\warehouse_20260228_131434.db
2026-02-28 13:17:02,132 [INFO] LTO: Backup created: D:\LTO\backups\warehouse_20260228_131702.db
2026-02-28 13:18:24,123 [INFO] LTO: Backup created: D:\LTO\backups\warehouse_20260228_131824.db
2026-02-28 13:21:36,523 [INFO] LTO: Backup created: D:\LTO\backups\warehouse_20260228_132136.db
2026-02-28 13:23:16,327 [INFO] LTO: Backup created: D:\LTO\backups\warehouse_20260228_132316.db
2026-02-28 13:26:04,601 [INFO] LTO: Backup created: D:\LTO\backups\warehouse_20260228_132604.db
2026-02-28 13:28:57,302 [INFO] LTO: Backup created: D:\LTO\backups\warehouse_20260228_132857.db
2026-02-28 13:32:31,093 [INFO] LTO: Backup created: D:\LTO\backups\warehouse_20260228_133231.db
2026-02-28 13:35:26,908 [INFO] LTO: Backup created: D:\LTO\backups\warehouse_20260228_133526.db
2026-02-28 13:35:33,803 [INFO] LTO: Backup created: D:\LTO\backups\warehouse_20260228_133533.db
2026-02-28 13:36:04,844 [INFO] LTO: Backup created: D:\LTO\backups\warehouse_20260228_133604.db
2026-02-28 13:38:20,385 [INFO] LTO: Backup created: D:\LTO\backups\warehouse_20260228_133820.db
2026-02-28 13:41:17,891 [INFO] LTO: Backup created: D:\LTO\backups\warehouse_20260228_134117.db
2026-02-28 13:46:40,890 [INFO] LTO: Backup created: D:\LTO\backups\warehouse_20260228_134640.db
2026-02-28 13:48:48,640 [INFO] LTO: Backup created: D:\LTO\backups\warehouse_20260228_134848.db
2026-02-28 13:51:12,003 [INFO] LTO: Backup created: D:\LTO\backups\warehouse_20260228_135112.db
2026-02-28 13:53:04,984 [INFO] LTO: Backup created: D:\LTO\backups\warehouse_20260228_135304.db
2026-02-28 13:53:29,790 [INFO] LTO: Backup created: D:\LTO\backups\warehouse_20260228_135329.db
2026-02-28 13:54:00,366 [INFO] LTO: Backup created: D:\LTO\backups\warehouse_20260228_135400.db
2026-02-28 13:54:03,814 [INFO] LTO: Backup created: D:\LTO\backups\warehouse_20260228_135403.db
2026-02-28 13:54:12,429 [INFO] LTO: Backup created: D:\LTO\backups\warehouse_20260228_135412.db
2026-02-28 13:54:14,680 [INFO] LTO: Backup created: D:\LTO\backups\warehouse_20260228_135414.db
2026-02-28 13:54:43,957 [INFO] LTO: Backup created: D:\LTO\backups\warehouse_20260228_135443.db
2026-02-28 13:57:09,349 [INFO] LTO: Backup created: D:\LTO\backups\warehouse_20260228_135709.db
2026-02-28 14:19:37,810 [INFO] LTO: Backup created: D:\LTO\backups\warehouse_20260228_141937.db
2026-02-28 14:24:40,165 [INFO] LTO: Backup created: D:\LTO\backups\warehouse_20260228_142440.db
2026-02-28 14:30:03,064 [INFO] LTO: Backup created: D:\LTO\backups\warehouse_20260228_143003.db
2026-02-28 14:39:14,621 [INFO] LTO: Backup created: D:\LTO\backups\warehouse_20260228_143914.db
2026-02-28 14:41:57,238 [INFO] LTO: Backup created: D:\LTO\backups\warehouse_20260228_144157.db
2026-02-28 14:45:37,484 [INFO] LTO: Backup created: D:\LTO\backups\warehouse_20260228_144537.db
2026-02-28 14:46:54,470 [INFO] LTO: Backup created: D:\LTO\backups\warehouse_20260228_144654.db
2026-02-28 14:53:35,896 [INFO] LTO: Backup created: D:\LTO\backups\warehouse_20260228_145335.db
2026-02-28 14:56:04,515 [INFO] LTO: Backup created: D:\LTO\backups\warehouse_20260228_145604.db
2026-02-28 14:59:15,363 [INFO] LTO: Backup created: D:\LTO\backups\warehouse_20260228_145915.db
2026-02-28 18:44:14,992 [INFO] LTO: Backup created: D:\LTO\backups\warehouse_20260228_184414.db
2026-02-28 19:02:02,392 [INFO] LTO: Backup created: D:\LTO\backups\warehouse_20260228_190202.db
2026-02-28 19:02:25,239 [INFO] LTO: Backup created: D:\LTO\backups\warehouse_20260228_190225.db
2026-02-28 19:14:51,750 [INFO] LTO: Backup created: D:\LTO\backups\warehouse_20260228_191451.db
2026-02-28 19:15:15,092 [INFO] LTO: Item deleted: id=64 name=Страховочное устройство PETZL GriGri
2026-02-28 19:20:55,923 [INFO] LTO: Backup created: D:\LTO\backups\warehouse_20260228_192055.db
2026-02-28 19:26:10,790 [INFO] LTO: Backup created: D:\LTO\backups\warehouse_20260228_192610.db
2026-02-28 19:38:34,888 [INFO] LTO: Backup created: D:\LTO\backups\warehouse_20260228_193834.db
2026-02-28 19:43:03,859 [INFO] LTO: Backup created: D:\LTO\backups\warehouse_20260228_194303.db
2026-02-28 19:45:41,932 [INFO] LTO: Backup created: D:\LTO\backups\warehouse_20260228_194541.db
2026-02-28 19:45:45,324 [INFO] LTO: Backup created: D:\LTO\backups\warehouse_20260228_194545.db
2026-02-28 19:51:21,487 [INFO] LTO: Backup created: D:\LTO\backups\warehouse_20260228_195121.db
2026-02-28 20:16:15,980 [INFO] LTO: Backup created: D:\LTO\backups\warehouse_20260228_201615.db
2026-02-28 20:22:25,147 [INFO] LTO: Backup created: D:\LTO\backups\warehouse_20260228_202225.db
2026-02-28 20:28:22,678 [INFO] LTO: Backup created: D:\LTO\backups\warehouse_20260228_202822.db
2026-02-28 20:32:47,671 [INFO] LTO: Backup created: D:\LTO\backups\warehouse_20260228_203247.db
2026-02-28 20:37:33,556 [INFO] LTO: Backup created: D:\LTO\backups\warehouse_20260228_203733.db
2026-02-28 20:40:29,688 [INFO] LTO: Backup created: D:\LTO\backups\warehouse_20260228_204029.db
2026-02-28 20:43:16,859 [INFO] LTO: Backup created: D:\LTO\backups\warehouse_20260228_204316.db
2026-02-28 20:44:21,567 [INFO] LTO: Backup created: D:\LTO\backups\warehouse_20260228_204421.db
2026-02-28 21:04:11,789 [INFO] LTO: Backup created: D:\LTO\backups\warehouse_20260228_210411.db
2026-02-28 21:06:13,810 [INFO] LTO: Backup created: D:\LTO\backups\warehouse_20260228_210613.db
2026-02-28 21:15:16,237 [INFO] LTO: Exported stock to PDF: C:/Users/Alex-I/Desktop/595.pdf
2026-02-28 22:36:28,712 [INFO] LTO: Backup created: D:\LTO\backups\warehouse_20260228_223628.db
2026-02-28 22:41:43,162 [INFO] LTO: Backup created: D:\LTO\backups\warehouse_20260228_224143.db
2026-02-28 23:08:07,510 [INFO] LTO: Backup created: D:\LTO\backups\warehouse_20260228_230807.db
2026-02-28 23:12:53,307 [INFO] LTO: Backup created: D:\LTO\backups\warehouse_20260228_231253.db
2026-02-28 23:16:40,890 [INFO] LTO: Backup created: D:\LTO\backups\warehouse_20260228_231640.db
