{"sessionId": "2a8cbc", "id": "log_1772277880163", "timestamp": 1772277880163, "location": "main.py", "message": "MainWindow.__init__ entered", "data": {}, "runId": "run1", "hypothesisId": "H2"}
{"sessionId": "2a8cbc", "id": "log_1772277880171", "timestamp": 1772277880171, "location": "main.py", "message": "Database initialized", "data": {"db_path": "D:\\LTO\\warehouse.db"}, "runId": "run1", "hypothesisId": "H3"}
{"sessionId": "2a8cbc", "id": "log_1772277880171", "timestamp": 1772277880171, "location": "main.py", "message": "MainWindow._build_ui entered", "data": {}, "runId": "run1", "hypothesisId": "H2"}
{"sessionId": "2a8cbc", "id": "log_1772277880412", "timestamp": 1772277880412, "location": "main.py", "message": "UnitsTab.__init__ entered", "data": {}, "runId": "run1", "hypothesisId": "H1"}
{"sessionId": "2a8cbc", "id": "log_1772277880413", "timestamp": 1772277880413, "location": "main.py", "message": "UnitsTab.reload start", "data": {}, "runId": "run1", "hypothesisId": "H1"}
{"sessionId": "2a8cbc", "id": "log_1772277880413", "timestamp": 1772277880413, "location": "main.py", "message": "UnitsTab.reload add unit", "data": {"unit_id": 60, "name": "45117"}, "runId": "run1", "hypothesisId": "H1"}
{"sessionId": "2a8cbc", "id": "log_1772277880414", "timestamp": 1772277880414, "location": "main.py", "message": "UnitsTab.reload add unit", "data": {"unit_id": 59, "name": "45119"}, "runId": "run1", "hypothesisId": "H1"}
{"sessionId": "2a8cbc", "id": "log_1772277880414", "timestamp": 1772277880414, "location": "main.py", "message": "UnitsTab.reload add unit", "data": {"unit_id": 61, "name": "54169-КА"}, "runId": "run1", "hypothesisId": "H1"}
{"sessionId": "2a8cbc", "id": "log_1772277880414", "timestamp": 1772277880414, "location": "main.py", "message": "UnitsTab.reload add unit", "data": {"unit_id": 1, "name": "Склад-основной"}, "runId": "run1", "hypothesisId": "H1"}
{"sessionId": "2a8cbc", "id": "log_1772277880414", "timestamp": 1772277880414, "location": "main.py", "message": "UnitsTab.reload add unit", "data": {"unit_id": 2, "name": "Цех-1"}, "runId": "run1", "hypothesisId": "H1"}
{"sessionId": "2a8cbc", "id": "log_1772277880454", "timestamp": 1772277880454, "location": "main.py", "message": "Main window created", "data": {}, "runId": "run1", "hypothesisId": "H2"}
{"sessionId": "2a8cbc", "timestamp": 1772277891960, "hypothesisId": "H1", "location": "on_search", "message": "search done", "data": {"query": "\u0421\u0430\u043f\u043e\u0433", "count": 8}}
{"sessionId": "2a8cbc", "timestamp": 1772277891960, "hypothesisId": "H1", "location": "on_search:loop", "message": "row data", "data": {"i": 0, "full_code": "1776100201", "item_name": "\u0421\u0430\u043f\u043e\u0433\u0438 \u0444\u043e\u0440\u043c\u0435\u043d\u043d\u044b\u0435 \u0445\u0440\u043e\u043c\u043e\u0432\u044b\u0435", "size_name": "39", "category_name": "\u041b\u0422\u041e"}}
{"sessionId": "2a8cbc", "timestamp": 1772277891960, "hypothesisId": "H1", "location": "on_search:loop", "message": "row data", "data": {"i": 1, "full_code": "1776100202", "item_name": "\u0421\u0430\u043f\u043e\u0433\u0438 \u0444\u043e\u0440\u043c\u0435\u043d\u043d\u044b\u0435 \u0445\u0440\u043e\u043c\u043e\u0432\u044b\u0435", "size_name": "40", "category_name": "\u041b\u0422\u041e"}}
{"sessionId": "2a8cbc", "timestamp": 1772277891961, "hypothesisId": "H1", "location": "on_search:loop", "message": "row data", "data": {"i": 2, "full_code": "1776100203", "item_name": "\u0421\u0430\u043f\u043e\u0433\u0438 \u0444\u043e\u0440\u043c\u0435\u043d\u043d\u044b\u0435 \u0445\u0440\u043e\u043c\u043e\u0432\u044b\u0435", "size_name": "41", "category_name": "\u041b\u0422\u041e"}}
{"sessionId": "2a8cbc", "timestamp": 1772277891961, "hypothesisId": "H1", "location": "on_search:loop", "message": "row data", "data": {"i": 3, "full_code": "1776100204", "item_name": "\u0421\u0430\u043f\u043e\u0433\u0438 \u0444\u043e\u0440\u043c\u0435\u043d\u043d\u044b\u0435 \u0445\u0440\u043e\u043c\u043e\u0432\u044b\u0435", "size_name": "42", "category_name": "\u041b\u0422\u041e"}}
{"sessionId": "2a8cbc", "timestamp": 1772277891961, "hypothesisId": "H1", "location": "on_search:loop", "message": "row data", "data": {"i": 4, "full_code": "1776100205", "item_name": "\u0421\u0430\u043f\u043e\u0433\u0438 \u0444\u043e\u0440\u043c\u0435\u043d\u043d\u044b\u0435 \u0445\u0440\u043e\u043c\u043e\u0432\u044b\u0435", "size_name": "43", "category_name": "\u041b\u0422\u041e"}}
{"sessionId": "2a8cbc", "timestamp": 1772277891961, "hypothesisId": "H1", "location": "on_search:loop", "message": "row data", "data": {"i": 5, "full_code": "1776100206", "item_name": "\u0421\u0430\u043f\u043e\u0433\u0438 \u0444\u043e\u0440\u043c\u0435\u043d\u043d\u044b\u0435 \u0445\u0440\u043e\u043c\u043e\u0432\u044b\u0435", "size_name": "44", "category_name": "\u041b\u0422\u041e"}}
{"sessionId": "2a8cbc", "timestamp": 1772277891961, "hypothesisId": "H1", "location": "on_search:loop", "message": "row data", "data": {"i": 6, "full_code": "1776100207", "item_name": "\u0421\u0430\u043f\u043e\u0433\u0438 \u0444\u043e\u0440\u043c\u0435\u043d\u043d\u044b\u0435 \u0445\u0440\u043e\u043c\u043e\u0432\u044b\u0435", "size_name": "45", "category_name": "\u041b\u0422\u041e"}}
{"sessionId": "2a8cbc", "timestamp": 1772277891961, "hypothesisId": "H1", "location": "on_search:loop", "message": "row data", "data": {"i": 7, "full_code": "1776100208", "item_name": "\u0421\u0430\u043f\u043e\u0433\u0438 \u0444\u043e\u0440\u043c\u0435\u043d\u043d\u044b\u0435 \u0445\u0440\u043e\u043c\u043e\u0432\u044b\u0435", "size_name": "46", "category_name": "\u041b\u0422\u041e"}}
{"sessionId": "2a8cbc", "timestamp": 1772277892755, "hypothesisId": "H3", "location": "on_result_clicked", "message": "row clicked", "data": {"row": 1, "keys": ["variant_id", "full_code", "size_name", "item_name", "item_type", "uom", "category_name"], "item_type": "qty", "variant_id": 210}}
{"sessionId": "2a8cbc", "timestamp": 1772277898315, "hypothesisId": "H5", "location": "on_add_to_basket:enter", "message": "called", "data": {"selected_variant_is_none": false, "basket_len": 0}}
{"sessionId": "2a8cbc", "timestamp": 1772277898315, "hypothesisId": "H5", "location": "on_add_to_basket:vrow", "message": "vrow access", "data": {"item_type": "qty", "variant_id": 210, "full_code": "1776100202"}}
{"sessionId": "2a8cbc", "timestamp": 1772277898316, "hypothesisId": "H5", "location": "_refresh_basket_table", "message": "called", "data": {"basket_len": 1}}
{"sessionId": "2a8cbc", "timestamp": 1772277900508, "hypothesisId": "H4", "location": "on_post", "message": "post called", "data": {"basket_len": 1}}
{"sessionId": "2a8cbc", "timestamp": 1772277901450, "hypothesisId": "H5", "location": "_refresh_basket_table", "message": "called", "data": {"basket_len": 0}}
{"sessionId": "2a8cbc", "id": "log_1772278203062", "timestamp": 1772278203062, "location": "main.py", "message": "MainWindow.__init__ entered", "data": {}, "runId": "run1", "hypothesisId": "H2"}
{"sessionId": "2a8cbc", "id": "log_1772278203068", "timestamp": 1772278203068, "location": "main.py", "message": "Database initialized", "data": {"db_path": "D:\\LTO\\warehouse.db"}, "runId": "run1", "hypothesisId": "H3"}
{"sessionId": "2a8cbc", "id": "log_1772278203068", "timestamp": 1772278203068, "location": "main.py", "message": "MainWindow._build_ui entered", "data": {}, "runId": "run1", "hypothesisId": "H2"}
{"sessionId": "2a8cbc", "id": "log_1772278203138", "timestamp": 1772278203138, "location": "main.py", "message": "UnitsTab.__init__ entered", "data": {}, "runId": "run1", "hypothesisId": "H1"}
{"sessionId": "2a8cbc", "id": "log_1772278203139", "timestamp": 1772278203139, "location": "main.py", "message": "UnitsTab.reload start", "data": {}, "runId": "run1", "hypothesisId": "H1"}
{"sessionId": "2a8cbc", "id": "log_1772278203139", "timestamp": 1772278203139, "location": "main.py", "message": "UnitsTab.reload add unit", "data": {"unit_id": 60, "name": "45117"}, "runId": "run1", "hypothesisId": "H1"}
{"sessionId": "2a8cbc", "id": "log_1772278203140", "timestamp": 1772278203140, "location": "main.py", "message": "UnitsTab.reload add unit", "data": {"unit_id": 59, "name": "45119"}, "runId": "run1", "hypothesisId": "H1"}
{"sessionId": "2a8cbc", "id": "log_1772278203140", "timestamp": 1772278203140, "location": "main.py", "message": "UnitsTab.reload add unit", "data": {"unit_id": 61, "name": "54169-КА"}, "runId": "run1", "hypothesisId": "H1"}
{"sessionId": "2a8cbc", "id": "log_1772278203140", "timestamp": 1772278203140, "location": "main.py", "message": "UnitsTab.reload add unit", "data": {"unit_id": 1, "name": "Склад-основной"}, "runId": "run1", "hypothesisId": "H1"}
{"sessionId": "2a8cbc", "id": "log_1772278203140", "timestamp": 1772278203140, "location": "main.py", "message": "UnitsTab.reload add unit", "data": {"unit_id": 2, "name": "Цех-1"}, "runId": "run1", "hypothesisId": "H1"}
{"sessionId": "2a8cbc", "id": "log_1772278203168", "timestamp": 1772278203168, "location": "main.py", "message": "Main window created", "data": {}, "runId": "run1", "hypothesisId": "H2"}
{"sessionId": "2a8cbc", "id": "log_1772278754620", "timestamp": 1772278754620, "location": "main.py", "message": "MainWindow.__init__ entered", "data": {}, "runId": "run1", "hypothesisId": "H2"}
{"sessionId": "2a8cbc", "id": "log_1772278754626", "timestamp": 1772278754626, "location": "main.py", "message": "Database initialized", "data": {"db_path": "D:\\LTO\\warehouse.db"}, "runId": "run1", "hypothesisId": "H3"}
{"sessionId": "2a8cbc", "id": "log_1772278754626", "timestamp": 1772278754626, "location": "main.py", "message": "MainWindow._build_ui entered", "data": {}, "runId": "run1", "hypothesisId": "H2"}
{"sessionId": "2a8cbc", "id": "log_1772278754698", "timestamp": 1772278754698, "location": "main.py", "message": "UnitsTab.__init__ entered", "data": {}, "runId": "run1", "hypothesisId": "H1"}
{"sessionId": "2a8cbc", "id": "log_1772278754699", "timestamp": 1772278754699, "location": "main.py", "message": "UnitsTab.reload start", "data": {}, "runId": "run1", "hypothesisId": "H1"}
{"sessionId": "2a8cbc", "id": "log_1772278754699", "timestamp": 1772278754699, "location": "main.py", "message": "UnitsTab.reload add unit", "data": {"unit_id": 60, "name": "45117"}, "runId": "run1", "hypothesisId": "H1"}
{"sessionId": "2a8cbc", "id": "log_1772278754699", "timestamp": 1772278754699, "location": "main.py", "message": "UnitsTab.reload add unit", "data": {"unit_id": 59, "name": "45119"}, "runId": "run1", "hypothesisId": "H1"}
{"sessionId": "2a8cbc", "id": "log_1772278754700", "timestamp": 1772278754700, "location": "main.py", "message": "UnitsTab.reload add unit", "data": {"unit_id": 61, "name": "54169-КА"}, "runId": "run1", "hypothesisId": "H1"}
{"sessionId": "2a8cbc", "id": "log_1772278754700", "timestamp": 1772278754700, "location": "main.py", "message": "UnitsTab.reload add unit", "data": {"unit_id": 1, "name": "Склад-основной"}, "runId": "run1", "hypothesisId": "H1"}
{"sessionId": "2a8cbc", "id": "log_1772278754700", "timestamp": 1772278754700, "location": "main.py", "message": "UnitsTab.reload add unit", "data": {"unit_id": 2, "name": "Цех-1"}, "runId": "run1", "hypothesisId": "H1"}
{"sessionId": "2a8cbc", "id": "log_1772278754731", "timestamp": 1772278754731, "location": "main.py", "message": "Main window created", "data": {}, "runId": "run1", "hypothesisId": "H2"}
{"sessionId": "2a8cbc", "id": "log_1772278917237", "timestamp": 1772278917237, "location": "main.py", "message": "MainWindow.__init__ entered", "data": {}, "runId": "run1", "hypothesisId": "H2"}
{"sessionId": "2a8cbc", "id": "log_1772278917245", "timestamp": 1772278917245, "location": "main.py", "message": "Database initialized", "data": {"db_path": "D:\\LTO\\warehouse.db"}, "runId": "run1", "hypothesisId": "H3"}
{"sessionId": "2a8cbc", "id": "log_1772278917245", "timestamp": 1772278917245, "location": "main.py", "message": "MainWindow._build_ui entered", "data": {}, "runId": "run1", "hypothesisId": "H2"}
{"sessionId": "2a8cbc", "id": "log_1772278917314", "timestamp": 1772278917314, "location": "main.py", "message": "UnitsTab.__init__ entered", "data": {}, "runId": "run1", "hypothesisId": "H1"}
{"sessionId": "2a8cbc", "id": "log_1772278917315", "timestamp": 1772278917315, "location": "main.py", "message": "UnitsTab.reload start", "data": {}, "runId": "run1", "hypothesisId": "H1"}
{"sessionId": "2a8cbc", "id": "log_1772278917315", "timestamp": 1772278917315, "location": "main.py", "message": "UnitsTab.reload add unit", "data": {"unit_id": 60, "name": "45117"}, "runId": "run1", "hypothesisId": "H1"}
{"sessionId": "2a8cbc", "id": "log_1772278917315", "timestamp": 1772278917315, "location": "main.py", "message": "UnitsTab.reload add unit", "data": {"unit_id": 59, "name": "45119"}, "runId": "run1", "hypothesisId": "H1"}
{"sessionId": "2a8cbc", "id": "log_1772278917315", "timestamp": 1772278917315, "location": "main.py", "message": "UnitsTab.reload add unit", "data": {"unit_id": 61, "name": "54169-КА"}, "runId": "run1", "hypothesisId": "H1"}
{"sessionId": "2a8cbc", "id": "log_1772278917316", "timestamp": 1772278917316, "location": "main.py", "message": "UnitsTab.reload add unit", "data": {"unit_id": 1, "name": "Склад-основной"}, "runId": "run1", "hypothesisId": "H1"}
{"sessionId": "2a8cbc", "id": "log_1772278917316", "timestamp": 1772278917316, "location": "main.py", "message": "UnitsTab.reload add unit", "data": {"unit_id": 2, "name": "Цех-1"}, "runId": "run1", "hypothesisId": "H1"}
{"sessionId": "2a8cbc", "id": "log_1772278917348", "timestamp": 1772278917348, "location": "main.py", "message": "Main window created", "data": {}, "runId": "run1", "hypothesisId": "H2"}
{"sessionId": "2a8cbc", "id": "log_1772279137482", "timestamp": 1772279137482, "location": "main.py", "message": "MainWindow.__init__ entered", "data": {}, "runId": "run1", "hypothesisId": "H2"}
{"sessionId": "2a8cbc", "id": "log_1772279137489", "timestamp": 1772279137489, "location": "main.py", "message": "Database initialized", "data": {"db_path": "D:\\LTO\\warehouse.db"}, "runId": "run1", "hypothesisId": "H3"}
{"sessionId": "2a8cbc", "id": "log_1772279137490", "timestamp": 1772279137490, "location": "main.py", "message": "MainWindow._build_ui entered", "data": {}, "runId": "run1", "hypothesisId": "H2"}
{"sessionId": "2a8cbc", "id": "log_1772279137564", "timestamp": 1772279137564, "location": "main.py", "message": "UnitsTab.__init__ entered", "data": {}, "runId": "run1", "hypothesisId": "H1"}
{"sessionId": "2a8cbc", "id": "log_1772279137565", "timestamp": 1772279137565, "location": "main.py", "message": "UnitsTab.reload start", "data": {}, "runId": "run1", "hypothesisId": "H1"}
{"sessionId": "2a8cbc", "id": "log_1772279137565", "timestamp": 1772279137565, "location": "main.py", "message": "UnitsTab.reload add unit", "data": {"unit_id": 60, "name": "45117"}, "runId": "run1", "hypothesisId": "H1"}
{"sessionId": "2a8cbc", "id": "log_1772279137565", "timestamp": 1772279137565, "location": "main.py", "message": "UnitsTab.reload add unit", "data": {"unit_id": 59, "name": "45119"}, "runId": "run1", "hypothesisId": "H1"}
{"sessionId": "2a8cbc", "id": "log_1772279137565", "timestamp": 1772279137565, "location": "main.py", "message": "UnitsTab.reload add unit", "data": {"unit_id": 61, "name": "54169-КА"}, "runId": "run1", "hypothesisId": "H1"}
{"sessionId": "2a8cbc", "id": "log_1772279137565", "timestamp": 1772279137565, "location": "main.py", "message": "UnitsTab.reload add unit", "data": {"unit_id": 1, "name": "Склад-основной"}, "runId": "run1", "hypothesisId": "H1"}
{"sessionId": "2a8cbc", "id": "log_1772279137566", "timestamp": 1772279137566, "location": "main.py", "message": "UnitsTab.reload add unit", "data": {"unit_id": 2, "name": "Цех-1"}, "runId": "run1", "hypothesisId": "H1"}
{"sessionId": "2a8cbc", "id": "log_1772279137595", "timestamp": 1772279137595, "location": "main.py", "message": "Main window created", "data": {}, "runId": "run1", "hypothesisId": "H2"}
{"sessionId": "2a8cbc", "id": "log_1772279214469", "timestamp": 1772279214469, "location": "main.py", "message": "MainWindow.__init__ entered", "data": {}, "runId": "run1", "hypothesisId": "H2"}
{"sessionId": "2a8cbc", "id": "log_1772279214476", "timestamp": 1772279214476, "location": "main.py", "message": "Database initialized", "data": {"db_path": "D:\\LTO\\warehouse.db"}, "runId": "run1", "hypothesisId": "H3"}
{"sessionId": "2a8cbc", "id": "log_1772279214477", "timestamp": 1772279214477, "location": "main.py", "message": "MainWindow._build_ui entered", "data": {}, "runId": "run1", "hypothesisId": "H2"}
{"sessionId": "2a8cbc", "id": "log_1772279214551", "timestamp": 1772279214551, "location": "main.py", "message": "UnitsTab.__init__ entered", "data": {}, "runId": "run1", "hypothesisId": "H1"}
{"sessionId": "2a8cbc", "id": "log_1772279214551", "timestamp": 1772279214551, "location": "main.py", "message": "UnitsTab.reload start", "data": {}, "runId": "run1", "hypothesisId": "H1"}
{"sessionId": "2a8cbc", "id": "log_1772279214551", "timestamp": 1772279214551, "location": "main.py", "message": "UnitsTab.reload add unit", "data": {"unit_id": 60, "name": "45117"}, "runId": "run1", "hypothesisId": "H1"}
{"sessionId": "2a8cbc", "id": "log_1772279214552", "timestamp": 1772279214552, "location": "main.py", "message": "UnitsTab.reload add unit", "data": {"unit_id": 59, "name": "45119"}, "runId": "run1", "hypothesisId": "H1"}
{"sessionId": "2a8cbc", "id": "log_1772279214552", "timestamp": 1772279214552, "location": "main.py", "message": "UnitsTab.reload add unit", "data": {"unit_id": 61, "name": "54169-КА"}, "runId": "run1", "hypothesisId": "H1"}
{"sessionId": "2a8cbc", "id": "log_1772279214552", "timestamp": 1772279214552, "location": "main.py", "message": "UnitsTab.reload add unit", "data": {"unit_id": 1, "name": "Склад-основной"}, "runId": "run1", "hypothesisId": "H1"}
{"sessionId": "2a8cbc", "id": "log_1772279214552", "timestamp": 1772279214552, "location": "main.py", "message": "UnitsTab.reload add unit", "data": {"unit_id": 2, "name": "Цех-1"}, "runId": "run1", "hypothesisId": "H1"}
{"sessionId": "2a8cbc", "id": "log_1772279214583", "timestamp": 1772279214583, "location": "main.py", "message": "Main window created", "data": {}, "runId": "run1", "hypothesisId": "H2"}
{"sessionId": "2a8cbc", "id": "log_1772279615894", "timestamp": 1772279615894, "location": "main.py", "message": "MainWindow.__init__ entered", "data": {}, "runId": "run1", "hypothesisId": "H2"}
{"sessionId": "2a8cbc", "id": "log_1772279615901", "timestamp": 1772279615901, "location": "main.py", "message": "Database initialized", "data": {"db_path": "D:\\LTO\\warehouse.db"}, "runId": "run1", "hypothesisId": "H3"}
{"sessionId": "2a8cbc", "id": "log_1772279615901", "timestamp": 1772279615901, "location": "main.py", "message": "MainWindow._build_ui entered", "data": {}, "runId": "run1", "hypothesisId": "H2"}
{"sessionId": "2a8cbc", "id": "log_1772279615980", "timestamp": 1772279615980, "location": "main.py", "message": "UnitsTab.__init__ entered", "data": {}, "runId": "run1", "hypothesisId": "H1"}
{"sessionId": "2a8cbc", "id": "log_1772279615981", "timestamp": 1772279615981, "location": "main.py", "message": "UnitsTab.reload start", "data": {}, "runId": "run1", "hypothesisId": "H1"}
{"sessionId": "2a8cbc", "id": "log_1772279615981", "timestamp": 1772279615981, "location": "main.py", "message": "UnitsTab.reload add unit", "data": {"unit_id": 60, "name": "45117"}, "runId": "run1", "hypothesisId": "H1"}
{"sessionId": "2a8cbc", "id": "log_1772279615981", "timestamp": 1772279615981, "location": "main.py", "message": "UnitsTab.reload add unit", "data": {"unit_id": 59, "name": "45119"}, "runId": "run1", "hypothesisId": "H1"}
{"sessionId": "2a8cbc", "id": "log_1772279615982", "timestamp": 1772279615982, "location": "main.py", "message": "UnitsTab.reload add unit", "data": {"unit_id": 61, "name": "54169-КА"}, "runId": "run1", "hypothesisId": "H1"}
{"sessionId": "2a8cbc", "id": "log_1772279615982", "timestamp": 1772279615982, "location": "main.py", "message": "UnitsTab.reload add unit", "data": {"unit_id": 1, "name": "Склад-основной"}, "runId": "run1", "hypothesisId": "H1"}
{"sessionId": "2a8cbc", "id": "log_1772279615982", "timestamp": 1772279615982, "location": "main.py", "message": "UnitsTab.reload add unit", "data": {"unit_id": 2, "name": "Цех-1"}, "runId": "run1", "hypothesisId": "H1"}
{"sessionId": "2a8cbc", "id": "log_1772279616015", "timestamp": 1772279616015, "location": "main.py", "message": "Main window created", "data": {}, "runId": "run1", "hypothesisId": "H2"}
{"sessionId": "2a8cbc", "id": "log_1772279764514", "timestamp": 1772279764514, "location": "main.py", "message": "MainWindow.__init__ entered", "data": {}, "runId": "run1", "hypothesisId": "H2"}
{"sessionId": "2a8cbc", "id": "log_1772279764520", "timestamp": 1772279764520, "location": "main.py", "message": "Database initialized", "data": {"db_path": "D:\\LTO\\warehouse.db"}, "runId": "run1", "hypothesisId": "H3"}
{"sessionId": "2a8cbc", "id": "log_1772279764521", "timestamp": 1772279764521, "location": "main.py", "message": "MainWindow._build_ui entered", "data": {}, "runId": "run1", "hypothesisId": "H2"}
{"sessionId": "2a8cbc", "id": "log_1772279764593", "timestamp": 1772279764593, "location": "main.py", "message": "UnitsTab.__init__ entered", "data": {}, "runId": "run1", "hypothesisId": "H1"}
{"sessionId": "2a8cbc", "id": "log_1772279764594", "timestamp": 1772279764594, "location": "main.py", "message": "UnitsTab.reload start", "data": {}, "runId": "run1", "hypothesisId": "H1"}
{"sessionId": "2a8cbc", "id": "log_1772279764594", "timestamp": 1772279764594, "location": "main.py", "message": "UnitsTab.reload add unit", "data": {"unit_id": 60, "name": "45117"}, "runId": "run1", "hypothesisId": "H1"}
{"sessionId": "2a8cbc", "id": "log_1772279764595", "timestamp": 1772279764595, "location": "main.py", "message": "UnitsTab.reload add unit", "data": {"unit_id": 59, "name": "45119"}, "runId": "run1", "hypothesisId": "H1"}
{"sessionId": "2a8cbc", "id": "log_1772279764595", "timestamp": 1772279764595, "location": "main.py", "message": "UnitsTab.reload add unit", "data": {"unit_id": 61, "name": "54169-КА"}, "runId": "run1", "hypothesisId": "H1"}
{"sessionId": "2a8cbc", "id": "log_1772279764595", "timestamp": 1772279764595, "location": "main.py", "message": "UnitsTab.reload add unit", "data": {"unit_id": 1, "name": "Склад-основной"}, "runId": "run1", "hypothesisId": "H1"}
{"sessionId": "2a8cbc", "id": "log_1772279764595", "timestamp": 1772279764595, "location": "main.py", "message": "UnitsTab.reload add unit", "data": {"unit_id": 2, "name": "Цех-1"}, "runId": "run1", "hypothesisId": "H1"}
{"sessionId": "2a8cbc", "id": "log_1772279764624", "timestamp": 1772279764624, "location": "main.py", "message": "Main window created", "data": {}, "runId": "run1", "hypothesisId": "H2"}
{"sessionId": "2a8cbc", "id": "log_1772279955362", "timestamp": 1772279955362, "location": "main.py", "message": "MainWindow.__init__ entered", "data": {}, "runId": "run1", "hypothesisId": "H2"}
{"sessionId": "2a8cbc", "id": "log_1772279955369", "timestamp": 1772279955369, "location": "main.py", "message": "Database initialized", "data": {"db_path": "D:\\LTO\\warehouse.db"}, "runId": "run1", "hypothesisId": "H3"}
{"sessionId": "2a8cbc", "id": "log_1772279955370", "timestamp": 1772279955370, "location": "main.py", "message": "MainWindow._build_ui entered", "data": {}, "runId": "run1", "hypothesisId": "H2"}
{"sessionId": "2a8cbc", "id": "log_1772279955437", "timestamp": 1772279955437, "location": "main.py", "message": "UnitsTab.__init__ entered", "data": {}, "runId": "run1", "hypothesisId": "H1"}
{"sessionId": "2a8cbc", "id": "log_1772279955438", "timestamp": 1772279955438, "location": "main.py", "message": "UnitsTab.reload start", "data": {}, "runId": "run1", "hypothesisId": "H1"}
{"sessionId": "2a8cbc", "id": "log_1772279955438", "timestamp": 1772279955438, "location": "main.py", "message": "UnitsTab.reload add unit", "data": {"unit_id": 60, "name": "45117"}, "runId": "run1", "hypothesisId": "H1"}
{"sessionId": "2a8cbc", "id": "log_1772279955438", "timestamp": 1772279955438, "location": "main.py", "message": "UnitsTab.reload add unit", "data": {"unit_id": 59, "name": "45119"}, "runId": "run1", "hypothesisId": "H1"}
{"sessionId": "2a8cbc", "id": "log_1772279955438", "timestamp": 1772279955438, "location": "main.py", "message": "UnitsTab.reload add unit", "data": {"unit_id": 61, "name": "54169-КА"}, "runId": "run1", "hypothesisId": "H1"}
{"sessionId": "2a8cbc", "id": "log_1772279955439", "timestamp": 1772279955439, "location": "main.py", "message": "UnitsTab.reload add unit", "data": {"unit_id": 1, "name": "Склад-основной"}, "runId": "run1", "hypothesisId": "H1"}
{"sessionId": "2a8cbc", "id": "log_1772279955439", "timestamp": 1772279955439, "location": "main.py", "message": "UnitsTab.reload add unit", "data": {"unit_id": 2, "name": "Цех-1"}, "runId": "run1", "hypothesisId": "H1"}
{"sessionId": "2a8cbc", "id": "log_1772279955469", "timestamp": 1772279955469, "location": "main.py", "message": "Main window created", "data": {}, "runId": "run1", "hypothesisId": "H2"}
{"sessionId": "2a8cbc", "id": "log_1772280201249", "timestamp": 1772280201249, "location": "main.py", "message": "UnitsTab.reload start", "data": {}, "runId": "run1", "hypothesisId": "H1"}
{"sessionId": "2a8cbc", "id": "log_1772280201250", "timestamp": 1772280201250, "location": "main.py", "message": "UnitsTab.reload add unit", "data": {"unit_id": 60, "name": "45117"}, "runId": "run1", "hypothesisId": "H1"}
{"sessionId": "2a8cbc", "id": "log_1772280201250", "timestamp": 1772280201250, "location": "main.py", "message": "UnitsTab.reload add unit", "data": {"unit_id": 59, "name": "45119"}, "runId": "run1", "hypothesisId": "H1"}
{"sessionId": "2a8cbc", "id": "log_1772280201250", "timestamp": 1772280201250, "location": "main.py", "message": "UnitsTab.reload add unit", "data": {"unit_id": 61, "name": "54169-КА"}, "runId": "run1", "hypothesisId": "H1"}
{"sessionId": "2a8cbc", "id": "log_1772280201250", "timestamp": 1772280201250, "location": "main.py", "message": "UnitsTab.reload add unit", "data": {"unit_id": 2, "name": "Цех-1"}, "runId": "run1", "hypothesisId": "H1"}
{"sessionId": "2a8cbc", "id": "log_1772280203491", "timestamp": 1772280203491, "location": "main.py", "message": "UnitsTab.reload start", "data": {}, "runId": "run1", "hypothesisId": "H1"}
{"sessionId": "2a8cbc", "id": "log_1772280203492", "timestamp": 1772280203492, "location": "main.py", "message": "UnitsTab.reload add unit", "data": {"unit_id": 60, "name": "45117"}, "runId": "run1", "hypothesisId": "H1"}
{"sessionId": "2a8cbc", "id": "log_1772280203492", "timestamp": 1772280203492, "location": "main.py", "message": "UnitsTab.reload add unit", "data": {"unit_id": 59, "name": "45119"}, "runId": "run1", "hypothesisId": "H1"}
{"sessionId": "2a8cbc", "id": "log_1772280203492", "timestamp": 1772280203492, "location": "main.py", "message": "UnitsTab.reload add unit", "data": {"unit_id": 61, "name": "54169-КА"}, "runId": "run1", "hypothesisId": "H1"}
{"sessionId": "2a8cbc", "id": "log_1772293454990", "timestamp": 1772293454990, "location": "main.py", "message": "MainWindow.__init__ entered", "data": {}, "runId": "run1", "hypothesisId": "H2"}
{"sessionId": "2a8cbc", "id": "log_1772293454995", "timestamp": 1772293454995, "location": "main.py", "message": "Database initialized", "data": {"db_path": "D:\\LTO\\warehouse.db"}, "runId": "run1", "hypothesisId": "H3"}
{"sessionId": "2a8cbc", "id": "log_1772293454995", "timestamp": 1772293454995, "location": "main.py", "message": "MainWindow._build_ui entered", "data": {}, "runId": "run1", "hypothesisId": "H2"}
{"sessionId": "2a8cbc", "id": "log_1772293455217", "timestamp": 1772293455217, "location": "main.py", "message": "UnitsTab.__init__ entered", "data": {}, "runId": "run1", "hypothesisId": "H1"}
{"sessionId": "2a8cbc", "id": "log_1772293455218", "timestamp": 1772293455218, "location": "main.py", "message": "UnitsTab.reload start", "data": {}, "runId": "run1", "hypothesisId": "H1"}
{"sessionId": "2a8cbc", "id": "log_1772293455218", "timestamp": 1772293455218, "location": "main.py", "message": "UnitsTab.reload add unit", "data": {"unit_id": 60, "name": "45117"}, "runId": "run1", "hypothesisId": "H1"}
{"sessionId": "2a8cbc", "id": "log_1772293455218", "timestamp": 1772293455218, "location": "main.py", "message": "UnitsTab.reload add unit", "data": {"unit_id": 59, "name": "45119"}, "runId": "run1", "hypothesisId": "H1"}
{"sessionId": "2a8cbc", "id": "log_1772293455218", "timestamp": 1772293455218, "location": "main.py", "message": "UnitsTab.reload add unit", "data": {"unit_id": 61, "name": "54169-КА"}, "runId": "run1", "hypothesisId": "H1"}
{"sessionId": "2a8cbc", "id": "log_1772293455219", "timestamp": 1772293455219, "location": "main.py", "message": "UnitsTab.reload add unit", "data": {"unit_id": 82, "name": "Склад-основной"}, "runId": "run1", "hypothesisId": "H1"}
{"sessionId": "2a8cbc", "id": "log_1772293455219", "timestamp": 1772293455219, "location": "main.py", "message": "UnitsTab.reload add unit", "data": {"unit_id": 83, "name": "Цех-1"}, "runId": "run1", "hypothesisId": "H1"}
{"sessionId": "2a8cbc", "id": "log_1772293455249", "timestamp": 1772293455249, "location": "main.py", "message": "Main window created", "data": {}, "runId": "run1", "hypothesisId": "H2"}
{"sessionId": "2a8cbc", "id": "log_1772294522390", "timestamp": 1772294522390, "location": "main.py", "message": "MainWindow.__init__ entered", "data": {}, "runId": "run1", "hypothesisId": "H2"}
{"sessionId": "2a8cbc", "id": "log_1772294522397", "timestamp": 1772294522397, "location": "main.py", "message": "Database initialized", "data": {"db_path": "D:\\LTO\\warehouse.db"}, "runId": "run1", "hypothesisId": "H3"}
{"sessionId": "2a8cbc", "id": "log_1772294522398", "timestamp": 1772294522398, "location": "main.py", "message": "MainWindow._build_ui entered", "data": {}, "runId": "run1", "hypothesisId": "H2"}
{"sessionId": "2a8cbc", "id": "log_1772294522556", "timestamp": 1772294522556, "location": "main.py", "message": "UnitsTab.__init__ entered", "data": {}, "runId": "run1", "hypothesisId": "H1"}
{"sessionId": "2a8cbc", "id": "log_1772294522557", "timestamp": 1772294522557, "location": "main.py", "message": "UnitsTab.reload start", "data": {}, "runId": "run1", "hypothesisId": "H1"}
{"sessionId": "2a8cbc", "id": "log_1772294522557", "timestamp": 1772294522557, "location": "main.py", "message": "UnitsTab.reload add unit", "data": {"unit_id": 60, "name": "45117"}, "runId": "run1", "hypothesisId": "H1"}
{"sessionId": "2a8cbc", "id": "log_1772294522557", "timestamp": 1772294522557, "location": "main.py", "message": "UnitsTab.reload add unit", "data": {"unit_id": 59, "name": "45119"}, "runId": "run1", "hypothesisId": "H1"}
{"sessionId": "2a8cbc", "id": "log_1772294522558", "timestamp": 1772294522558, "location": "main.py", "message": "UnitsTab.reload add unit", "data": {"unit_id": 61, "name": "54169-КА"}, "runId": "run1", "hypothesisId": "H1"}
{"sessionId": "2a8cbc", "id": "log_1772294522558", "timestamp": 1772294522558, "location": "main.py", "message": "UnitsTab.reload add unit", "data": {"unit_id": 82, "name": "Склад-основной"}, "runId": "run1", "hypothesisId": "H1"}
{"sessionId": "2a8cbc", "id": "log_1772294522558", "timestamp": 1772294522558, "location": "main.py", "message": "UnitsTab.reload add unit", "data": {"unit_id": 83, "name": "Цех-1"}, "runId": "run1", "hypothesisId": "H1"}
{"sessionId": "2a8cbc", "id": "log_1772294522587", "timestamp": 1772294522587, "location": "main.py", "message": "Main window created", "data": {}, "runId": "run1", "hypothesisId": "H2"}
{"sessionId": "2a8cbc", "id": "log_1772294545238", "timestamp": 1772294545238, "location": "main.py", "message": "MainWindow.__init__ entered", "data": {}, "runId": "run1", "hypothesisId": "H2"}
{"sessionId": "2a8cbc", "id": "log_1772294545245", "timestamp": 1772294545245, "location": "main.py", "message": "Database initialized", "data": {"db_path": "D:\\LTO\\warehouse.db"}, "runId": "run1", "hypothesisId": "H3"}
{"sessionId": "2a8cbc", "id": "log_1772294545245", "timestamp": 1772294545245, "location": "main.py", "message": "MainWindow._build_ui entered", "data": {}, "runId": "run1", "hypothesisId": "H2"}
{"sessionId": "2a8cbc", "id": "log_1772294545308", "timestamp": 1772294545308, "location": "main.py", "message": "UnitsTab.__init__ entered", "data": {}, "runId": "run1", "hypothesisId": "H1"}
{"sessionId": "2a8cbc", "id": "log_1772294545309", "timestamp": 1772294545309, "location": "main.py", "message": "UnitsTab.reload start", "data": {}, "runId": "run1", "hypothesisId": "H1"}
{"sessionId": "2a8cbc", "id": "log_1772294545309", "timestamp": 1772294545309, "location": "main.py", "message": "UnitsTab.reload add unit", "data": {"unit_id": 60, "name": "45117"}, "runId": "run1", "hypothesisId": "H1"}
{"sessionId": "2a8cbc", "id": "log_1772294545309", "timestamp": 1772294545309, "location": "main.py", "message": "UnitsTab.reload add unit", "data": {"unit_id": 59, "name": "45119"}, "runId": "run1", "hypothesisId": "H1"}
{"sessionId": "2a8cbc", "id": "log_1772294545310", "timestamp": 1772294545310, "location": "main.py", "message": "UnitsTab.reload add unit", "data": {"unit_id": 61, "name": "54169-КА"}, "runId": "run1", "hypothesisId": "H1"}
{"sessionId": "2a8cbc", "id": "log_1772294545310", "timestamp": 1772294545310, "location": "main.py", "message": "UnitsTab.reload add unit", "data": {"unit_id": 82, "name": "Склад-основной"}, "runId": "run1", "hypothesisId": "H1"}
{"sessionId": "2a8cbc", "id": "log_1772294545310", "timestamp": 1772294545310, "location": "main.py", "message": "UnitsTab.reload add unit", "data": {"unit_id": 83, "name": "Цех-1"}, "runId": "run1", "hypothesisId": "H1"}
{"sessionId": "2a8cbc", "id": "log_1772294545343", "timestamp": 1772294545343, "location": "main.py", "message": "Main window created", "data": {}, "runId": "run1", "hypothesisId": "H2"}
{"sessionId": "2a8cbc", "id": "log_1772295291749", "timestamp": 1772295291749, "location": "main.py", "message": "MainWindow.__init__ entered", "data": {}, "runId": "run1", "hypothesisId": "H2"}
{"sessionId": "2a8cbc", "id": "log_1772295291755", "timestamp": 1772295291755, "location": "main.py", "message": "Database initialized", "data": {"db_path": "D:\\LTO\\warehouse.db"}, "runId": "run1", "hypothesisId": "H3"}
{"sessionId": "2a8cbc", "id": "log_1772295291756", "timestamp": 1772295291756, "location": "main.py", "message": "MainWindow._build_ui entered", "data": {}, "runId": "run1", "hypothesisId": "H2"}
{"sessionId": "2a8cbc", "id": "log_1772295291826", "timestamp": 1772295291826, "location": "main.py", "message": "UnitsTab.__init__ entered", "data": {}, "runId": "run1", "hypothesisId": "H1"}
{"sessionId": "2a8cbc", "id": "log_1772295291826", "timestamp": 1772295291826, "location": "main.py", "message": "UnitsTab.reload start", "data": {}, "runId": "run1", "hypothesisId": "H1"}
{"sessionId": "2a8cbc", "id": "log_1772295291827", "timestamp": 1772295291827, "location": "main.py", "message": "UnitsTab.reload add unit", "data": {"unit_id": 60, "name": "45117"}, "runId": "run1", "hypothesisId": "H1"}
{"sessionId": "2a8cbc", "id": "log_1772295291827", "timestamp": 1772295291827, "location": "main.py", "message": "UnitsTab.reload add unit", "data": {"unit_id": 59, "name": "45119"}, "runId": "run1", "hypothesisId": "H1"}
{"sessionId": "2a8cbc", "id": "log_1772295291827", "timestamp": 1772295291827, "location": "main.py", "message": "UnitsTab.reload add unit", "data": {"unit_id": 61, "name": "54169-КА"}, "runId": "run1", "hypothesisId": "H1"}
{"sessionId": "2a8cbc", "id": "log_1772295291827", "timestamp": 1772295291827, "location": "main.py", "message": "UnitsTab.reload add unit", "data": {"unit_id": 82, "name": "Склад-основной"}, "runId": "run1", "hypothesisId": "H1"}
{"sessionId": "2a8cbc", "id": "log_1772295291827", "timestamp": 1772295291827, "location": "main.py", "message": "UnitsTab.reload add unit", "data": {"unit_id": 83, "name": "Цех-1"}, "runId": "run1", "hypothesisId": "H1"}
{"sessionId": "2a8cbc", "id": "log_1772295291857", "timestamp": 1772295291857, "location": "main.py", "message": "Main window created", "data": {}, "runId": "run1", "hypothesisId": "H2"}
{"sessionId": "2a8cbc", "id": "log_1772295655921", "timestamp": 1772295655921, "location": "main.py", "message": "MainWindow.__init__ entered", "data": {}, "runId": "run1", "hypothesisId": "H2"}
{"sessionId": "2a8cbc", "id": "log_1772295655929", "timestamp": 1772295655929, "location": "main.py", "message": "Database initialized", "data": {"db_path": "D:\\LTO\\warehouse.db"}, "runId": "run1", "hypothesisId": "H3"}
{"sessionId": "2a8cbc", "id": "log_1772295655929", "timestamp": 1772295655929, "location": "main.py", "message": "MainWindow._build_ui entered", "data": {}, "runId": "run1", "hypothesisId": "H2"}
{"sessionId": "2a8cbc", "id": "log_1772295656005", "timestamp": 1772295656005, "location": "main.py", "message": "UnitsTab.__init__ entered", "data": {}, "runId": "run1", "hypothesisId": "H1"}
{"sessionId": "2a8cbc", "id": "log_1772295656006", "timestamp": 1772295656006, "location": "main.py", "message": "UnitsTab.reload start", "data": {}, "runId": "run1", "hypothesisId": "H1"}
{"sessionId": "2a8cbc", "id": "log_1772295656006", "timestamp": 1772295656006, "location": "main.py", "message": "UnitsTab.reload add unit", "data": {"unit_id": 60, "name": "45117"}, "runId": "run1", "hypothesisId": "H1"}
{"sessionId": "2a8cbc", "id": "log_1772295656006", "timestamp": 1772295656006, "location": "main.py", "message": "UnitsTab.reload add unit", "data": {"unit_id": 59, "name": "45119"}, "runId": "run1", "hypothesisId": "H1"}
{"sessionId": "2a8cbc", "id": "log_1772295656006", "timestamp": 1772295656006, "location": "main.py", "message": "UnitsTab.reload add unit", "data": {"unit_id": 61, "name": "54169-КА"}, "runId": "run1", "hypothesisId": "H1"}
{"sessionId": "2a8cbc", "id": "log_1772295656006", "timestamp": 1772295656006, "location": "main.py", "message": "UnitsTab.reload add unit", "data": {"unit_id": 82, "name": "Склад-основной"}, "runId": "run1", "hypothesisId": "H1"}
{"sessionId": "2a8cbc", "id": "log_1772295656007", "timestamp": 1772295656007, "location": "main.py", "message": "UnitsTab.reload add unit", "data": {"unit_id": 83, "name": "Цех-1"}, "runId": "run1", "hypothesisId": "H1"}
{"sessionId": "2a8cbc", "id": "log_1772295656036", "timestamp": 1772295656036, "location": "main.py", "message": "Main window created", "data": {}, "runId": "run1", "hypothesisId": "H2"}
{"sessionId": "2a8cbc", "id": "log_1772295970788", "timestamp": 1772295970788, "location": "main.py", "message": "MainWindow.__init__ entered", "data": {}, "runId": "run1", "hypothesisId": "H2"}
{"sessionId": "2a8cbc", "id": "log_1772295970795", "timestamp": 1772295970795, "location": "main.py", "message": "Database initialized", "data": {"db_path": "D:\\LTO\\warehouse.db"}, "runId": "run1", "hypothesisId": "H3"}
{"sessionId": "2a8cbc", "id": "log_1772295970795", "timestamp": 1772295970795, "location": "main.py", "message": "MainWindow._build_ui entered", "data": {}, "runId": "run1", "hypothesisId": "H2"}
{"sessionId": "2a8cbc", "id": "log_1772295970873", "timestamp": 1772295970873, "location": "main.py", "message": "UnitsTab.__init__ entered", "data": {}, "runId": "run1", "hypothesisId": "H1"}
{"sessionId": "2a8cbc", "id": "log_1772295970874", "timestamp": 1772295970874, "location": "main.py", "message": "UnitsTab.reload start", "data": {}, "runId": "run1", "hypothesisId": "H1"}
{"sessionId": "2a8cbc", "id": "log_1772295970874", "timestamp": 1772295970874, "location": "main.py", "message": "UnitsTab.reload add unit", "data": {"unit_id": 60, "name": "45117"}, "runId": "run1", "hypothesisId": "H1"}
{"sessionId": "2a8cbc", "id": "log_1772295970874", "timestamp": 1772295970874, "location": "main.py", "message": "UnitsTab.reload add unit", "data": {"unit_id": 59, "name": "45119"}, "runId": "run1", "hypothesisId": "H1"}
{"sessionId": "2a8cbc", "id": "log_1772295970874", "timestamp": 1772295970874, "location": "main.py", "message": "UnitsTab.reload add unit", "data": {"unit_id": 61, "name": "54169-КА"}, "runId": "run1", "hypothesisId": "H1"}
{"sessionId": "2a8cbc", "id": "log_1772295970875", "timestamp": 1772295970875, "location": "main.py", "message": "UnitsTab.reload add unit", "data": {"unit_id": 82, "name": "Склад-основной"}, "runId": "run1", "hypothesisId": "H1"}
{"sessionId": "2a8cbc", "id": "log_1772295970875", "timestamp": 1772295970875, "location": "main.py", "message": "UnitsTab.reload add unit", "data": {"unit_id": 83, "name": "Цех-1"}, "runId": "run1", "hypothesisId": "H1"}
{"sessionId": "2a8cbc", "id": "log_1772295970907", "timestamp": 1772295970907, "location": "main.py", "message": "Main window created", "data": {}, "runId": "run1", "hypothesisId": "H2"}
{"sessionId": "2a8cbc", "id": "log_1772296714886", "timestamp": 1772296714886, "location": "main.py", "message": "MainWindow.__init__ entered", "data": {}, "runId": "run1", "hypothesisId": "H2"}
{"sessionId": "2a8cbc", "id": "log_1772296714893", "timestamp": 1772296714893, "location": "main.py", "message": "Database initialized", "data": {"db_path": "D:\\LTO\\warehouse.db"}, "runId": "run1", "hypothesisId": "H3"}
{"sessionId": "2a8cbc", "id": "log_1772296714893", "timestamp": 1772296714893, "location": "main.py", "message": "MainWindow._build_ui entered", "data": {}, "runId": "run1", "hypothesisId": "H2"}
{"sessionId": "2a8cbc", "id": "log_1772296714961", "timestamp": 1772296714961, "location": "main.py", "message": "UnitsTab.__init__ entered", "data": {}, "runId": "run1", "hypothesisId": "H1"}
{"sessionId": "2a8cbc", "id": "log_1772296714961", "timestamp": 1772296714961, "location": "main.py", "message": "UnitsTab.reload start", "data": {}, "runId": "run1", "hypothesisId": "H1"}
{"sessionId": "2a8cbc", "id": "log_1772296714961", "timestamp": 1772296714961, "location": "main.py", "message": "UnitsTab.reload add unit", "data": {"unit_id": 60, "name": "45117"}, "runId": "run1", "hypothesisId": "H1"}
{"sessionId": "2a8cbc", "id": "log_1772296714962", "timestamp": 1772296714962, "location": "main.py", "message": "UnitsTab.reload add unit", "data": {"unit_id": 59, "name": "45119"}, "runId": "run1", "hypothesisId": "H1"}
{"sessionId": "2a8cbc", "id": "log_1772296714962", "timestamp": 1772296714962, "location": "main.py", "message": "UnitsTab.reload add unit", "data": {"unit_id": 61, "name": "54169-КА"}, "runId": "run1", "hypothesisId": "H1"}
{"sessionId": "2a8cbc", "id": "log_1772296714962", "timestamp": 1772296714962, "location": "main.py", "message": "UnitsTab.reload add unit", "data": {"unit_id": 82, "name": "Склад-основной"}, "runId": "run1", "hypothesisId": "H1"}
{"sessionId": "2a8cbc", "id": "log_1772296714962", "timestamp": 1772296714962, "location": "main.py", "message": "UnitsTab.reload add unit", "data": {"unit_id": 83, "name": "Цех-1"}, "runId": "run1", "hypothesisId": "H1"}
{"sessionId": "2a8cbc", "id": "log_1772296714984", "timestamp": 1772296714984, "location": "main.py", "message": "Main window created", "data": {}, "runId": "run1", "hypothesisId": "H2"}
{"sessionId": "2a8cbc", "id": "log_1772296983858", "timestamp": 1772296983858, "location": "main.py", "message": "MainWindow.__init__ entered", "data": {}, "runId": "run1", "hypothesisId": "H2"}
{"sessionId": "2a8cbc", "id": "log_1772296983865", "timestamp": 1772296983865, "location": "main.py", "message": "Database initialized", "data": {"db_path": "D:\\LTO\\warehouse.db"}, "runId": "run1", "hypothesisId": "H3"}
{"sessionId": "2a8cbc", "id": "log_1772296983865", "timestamp": 1772296983865, "location": "main.py", "message": "MainWindow._build_ui entered", "data": {}, "runId": "run1", "hypothesisId": "H2"}
{"sessionId": "2a8cbc", "id": "log_1772296983929", "timestamp": 1772296983929, "location": "main.py", "message": "UnitsTab.__init__ entered", "data": {}, "runId": "run1", "hypothesisId": "H1"}
{"sessionId": "2a8cbc", "id": "log_1772296983930", "timestamp": 1772296983930, "location": "main.py", "message": "UnitsTab.reload start", "data": {}, "runId": "run1", "hypothesisId": "H1"}
{"sessionId": "2a8cbc", "id": "log_1772296983930", "timestamp": 1772296983930, "location": "main.py", "message": "UnitsTab.reload add unit", "data": {"unit_id": 60, "name": "45117"}, "runId": "run1", "hypothesisId": "H1"}
{"sessionId": "2a8cbc", "id": "log_1772296983930", "timestamp": 1772296983930, "location": "main.py", "message": "UnitsTab.reload add unit", "data": {"unit_id": 59, "name": "45119"}, "runId": "run1", "hypothesisId": "H1"}
{"sessionId": "2a8cbc", "id": "log_1772296983930", "timestamp": 1772296983930, "location": "main.py", "message": "UnitsTab.reload add unit", "data": {"unit_id": 61, "name": "54169-КА"}, "runId": "run1", "hypothesisId": "H1"}
{"sessionId": "2a8cbc", "id": "log_1772296983930", "timestamp": 1772296983930, "location": "main.py", "message": "UnitsTab.reload add unit", "data": {"unit_id": 82, "name": "Склад-основной"}, "runId": "run1", "hypothesisId": "H1"}
{"sessionId": "2a8cbc", "id": "log_1772296983930", "timestamp": 1772296983930, "location": "main.py", "message": "UnitsTab.reload add unit", "data": {"unit_id": 83, "name": "Цех-1"}, "runId": "run1", "hypothesisId": "H1"}
{"sessionId": "2a8cbc", "id": "log_1772296983952", "timestamp": 1772296983952, "location": "main.py", "message": "Main window created", "data": {}, "runId": "run1", "hypothesisId": "H2"}
{"sessionId": "2a8cbc", "id": "log_1772297141931", "timestamp": 1772297141931, "location": "main.py", "message": "MainWindow.__init__ entered", "data": {}, "runId": "run1", "hypothesisId": "H2"}
{"sessionId": "2a8cbc", "id": "log_1772297141937", "timestamp": 1772297141937, "location": "main.py", "message": "Database initialized", "data": {"db_path": "D:\\LTO\\warehouse.db"}, "runId": "run1", "hypothesisId": "H3"}
{"sessionId": "2a8cbc", "id": "log_1772297141937", "timestamp": 1772297141937, "location": "main.py", "message": "MainWindow._build_ui entered", "data": {}, "runId": "run1", "hypothesisId": "H2"}
{"sessionId": "2a8cbc", "id": "log_1772297142005", "timestamp": 1772297142005, "location": "main.py", "message": "UnitsTab.__init__ entered", "data": {}, "runId": "run1", "hypothesisId": "H1"}
{"sessionId": "2a8cbc", "id": "log_1772297142006", "timestamp": 1772297142006, "location": "main.py", "message": "UnitsTab.reload start", "data": {}, "runId": "run1", "hypothesisId": "H1"}
{"sessionId": "2a8cbc", "id": "log_1772297142006", "timestamp": 1772297142006, "location": "main.py", "message": "UnitsTab.reload add unit", "data": {"unit_id": 60, "name": "45117"}, "runId": "run1", "hypothesisId": "H1"}
{"sessionId": "2a8cbc", "id": "log_1772297142006", "timestamp": 1772297142006, "location": "main.py", "message": "UnitsTab.reload add unit", "data": {"unit_id": 59, "name": "45119"}, "runId": "run1", "hypothesisId": "H1"}
{"sessionId": "2a8cbc", "id": "log_1772297142006", "timestamp": 1772297142006, "location": "main.py", "message": "UnitsTab.reload add unit", "data": {"unit_id": 61, "name": "54169-КА"}, "runId": "run1", "hypothesisId": "H1"}
{"sessionId": "2a8cbc", "id": "log_1772297142007", "timestamp": 1772297142007, "location": "main.py", "message": "UnitsTab.reload add unit", "data": {"unit_id": 82, "name": "Склад-основной"}, "runId": "run1", "hypothesisId": "H1"}
{"sessionId": "2a8cbc", "id": "log_1772297142007", "timestamp": 1772297142007, "location": "main.py", "message": "UnitsTab.reload add unit", "data": {"unit_id": 83, "name": "Цех-1"}, "runId": "run1", "hypothesisId": "H1"}
{"sessionId": "2a8cbc", "id": "log_1772297142032", "timestamp": 1772297142032, "location": "main.py", "message": "Main window created", "data": {}, "runId": "run1", "hypothesisId": "H2"}
{"sessionId": "2a8cbc", "id": "log_1772297145322", "timestamp": 1772297145322, "location": "main.py", "message": "MainWindow.__init__ entered", "data": {}, "runId": "run1", "hypothesisId": "H2"}
{"sessionId": "2a8cbc", "id": "log_1772297145330", "timestamp": 1772297145330, "location": "main.py", "message": "Database initialized", "data": {"db_path": "D:\\LTO\\warehouse.db"}, "runId": "run1", "hypothesisId": "H3"}
{"sessionId": "2a8cbc", "id": "log_1772297145330", "timestamp": 1772297145330, "location": "main.py", "message": "MainWindow._build_ui entered", "data": {}, "runId": "run1", "hypothesisId": "H2"}
{"sessionId": "2a8cbc", "id": "log_1772297145398", "timestamp": 1772297145398, "location": "main.py", "message": "UnitsTab.__init__ entered", "data": {}, "runId": "run1", "hypothesisId": "H1"}
{"sessionId": "2a8cbc", "id": "log_1772297145399", "timestamp": 1772297145399, "location": "main.py", "message": "UnitsTab.reload start", "data": {}, "runId": "run1", "hypothesisId": "H1"}
{"sessionId": "2a8cbc", "id": "log_1772297145399", "timestamp": 1772297145399, "location": "main.py", "message": "UnitsTab.reload add unit", "data": {"unit_id": 60, "name": "45117"}, "runId": "run1", "hypothesisId": "H1"}
{"sessionId": "2a8cbc", "id": "log_1772297145399", "timestamp": 1772297145399, "location": "main.py", "message": "UnitsTab.reload add unit", "data": {"unit_id": 59, "name": "45119"}, "runId": "run1", "hypothesisId": "H1"}
{"sessionId": "2a8cbc", "id": "log_1772297145399", "timestamp": 1772297145399, "location": "main.py", "message": "UnitsTab.reload add unit", "data": {"unit_id": 61, "name": "54169-КА"}, "runId": "run1", "hypothesisId": "H1"}
{"sessionId": "2a8cbc", "id": "log_1772297145400", "timestamp": 1772297145400, "location": "main.py", "message": "UnitsTab.reload add unit", "data": {"unit_id": 82, "name": "Склад-основной"}, "runId": "run1", "hypothesisId": "H1"}
{"sessionId": "2a8cbc", "id": "log_1772297145400", "timestamp": 1772297145400, "location": "main.py", "message": "UnitsTab.reload add unit", "data": {"unit_id": 83, "name": "Цех-1"}, "runId": "run1", "hypothesisId": "H1"}
{"sessionId": "2a8cbc", "id": "log_1772297145423", "timestamp": 1772297145423, "location": "main.py", "message": "Main window created", "data": {}, "runId": "run1", "hypothesisId": "H2"}
{"sessionId": "2a8cbc", "id": "log_1772297481485", "timestamp": 1772297481485, "location": "main.py", "message": "MainWindow.__init__ entered", "data": {}, "runId": "run1", "hypothesisId": "H2"}
{"sessionId": "2a8cbc", "id": "log_1772297481491", "timestamp": 1772297481491, "location": "main.py", "message": "Database initialized", "data": {"db_path": "D:\\LTO\\warehouse.db"}, "runId": "run1", "hypothesisId": "H3"}
{"sessionId": "2a8cbc", "id": "log_1772297481492", "timestamp": 1772297481492, "location": "main.py", "message": "MainWindow._build_ui entered", "data": {}, "runId": "run1", "hypothesisId": "H2"}
{"sessionId": "2a8cbc", "id": "log_1772297481563", "timestamp": 1772297481563, "location": "main.py", "message": "UnitsTab.__init__ entered", "data": {}, "runId": "run1", "hypothesisId": "H1"}
{"sessionId": "2a8cbc", "id": "log_1772297481564", "timestamp": 1772297481564, "location": "main.py", "message": "UnitsTab.reload start", "data": {}, "runId": "run1", "hypothesisId": "H1"}
{"sessionId": "2a8cbc", "id": "log_1772297481564", "timestamp": 1772297481564, "location": "main.py", "message": "UnitsTab.reload add unit", "data": {"unit_id": 60, "name": "45117"}, "runId": "run1", "hypothesisId": "H1"}
{"sessionId": "2a8cbc", "id": "log_1772297481564", "timestamp": 1772297481564, "location": "main.py", "message": "UnitsTab.reload add unit", "data": {"unit_id": 59, "name": "45119"}, "runId": "run1", "hypothesisId": "H1"}
{"sessionId": "2a8cbc", "id": "log_1772297481565", "timestamp": 1772297481565, "location": "main.py", "message": "UnitsTab.reload add unit", "data": {"unit_id": 61, "name": "54169-КА"}, "runId": "run1", "hypothesisId": "H1"}
{"sessionId": "2a8cbc", "id": "log_1772297481565", "timestamp": 1772297481565, "location": "main.py", "message": "UnitsTab.reload add unit", "data": {"unit_id": 82, "name": "Склад-основной"}, "runId": "run1", "hypothesisId": "H1"}
{"sessionId": "2a8cbc", "id": "log_1772297481565", "timestamp": 1772297481565, "location": "main.py", "message": "UnitsTab.reload add unit", "data": {"unit_id": 83, "name": "Цех-1"}, "runId": "run1", "hypothesisId": "H1"}
{"sessionId": "2a8cbc", "id": "log_1772297481589", "timestamp": 1772297481589, "location": "main.py", "message": "Main window created", "data": {}, "runId": "run1", "hypothesisId": "H2"}
{"sessionId": "2a8cbc", "id": "log_1772298975978", "timestamp": 1772298975978, "location": "main.py", "message": "MainWindow.__init__ entered", "data": {}, "runId": "run1", "hypothesisId": "H2"}
{"sessionId": "2a8cbc", "id": "log_1772298975985", "timestamp": 1772298975985, "location": "main.py", "message": "Database initialized", "data": {"db_path": "D:\\LTO\\warehouse.db"}, "runId": "run1", "hypothesisId": "H3"}
{"sessionId": "2a8cbc", "id": "log_1772298975986", "timestamp": 1772298975986, "location": "main.py", "message": "MainWindow._build_ui entered", "data": {}, "runId": "run1", "hypothesisId": "H2"}
{"sessionId": "2a8cbc", "id": "log_1772298977708", "timestamp": 1772298977708, "location": "main.py", "message": "UnitsTab.__init__ entered", "data": {}, "runId": "run1", "hypothesisId": "H1"}
{"sessionId": "2a8cbc", "id": "log_1772298977708", "timestamp": 1772298977708, "location": "main.py", "message": "UnitsTab.reload start", "data": {}, "runId": "run1", "hypothesisId": "H1"}
{"sessionId": "2a8cbc", "id": "log_1772298977709", "timestamp": 1772298977709, "location": "main.py", "message": "UnitsTab.reload add unit", "data": {"unit_id": 60, "name": "45117"}, "runId": "run1", "hypothesisId": "H1"}
{"sessionId": "2a8cbc", "id": "log_1772298977709", "timestamp": 1772298977709, "location": "main.py", "message": "UnitsTab.reload add unit", "data": {"unit_id": 59, "name": "45119"}, "runId": "run1", "hypothesisId": "H1"}
{"sessionId": "2a8cbc", "id": "log_1772298977709", "timestamp": 1772298977709, "location": "main.py", "message": "UnitsTab.reload add unit", "data": {"unit_id": 61, "name": "54169-КА"}, "runId": "run1", "hypothesisId": "H1"}
{"sessionId": "2a8cbc", "id": "log_1772298977709", "timestamp": 1772298977709, "location": "main.py", "message": "UnitsTab.reload add unit", "data": {"unit_id": 82, "name": "Склад-основной"}, "runId": "run1", "hypothesisId": "H1"}
{"sessionId": "2a8cbc", "id": "log_1772298977709", "timestamp": 1772298977709, "location": "main.py", "message": "UnitsTab.reload add unit", "data": {"unit_id": 83, "name": "Цех-1"}, "runId": "run1", "hypothesisId": "H1"}
{"sessionId": "2a8cbc", "id": "log_1772298977734", "timestamp": 1772298977734, "location": "main.py", "message": "Main window created", "data": {}, "runId": "run1", "hypothesisId": "H2"}
{"sessionId": "2a8cbc", "id": "log_1772299345145", "timestamp": 1772299345145, "location": "main.py", "message": "MainWindow.__init__ entered", "data": {}, "runId": "run1", "hypothesisId": "H2"}
{"sessionId": "2a8cbc", "id": "log_1772299345152", "timestamp": 1772299345152, "location": "main.py", "message": "Database initialized", "data": {"db_path": "D:\\LTO\\warehouse.db"}, "runId": "run1", "hypothesisId": "H3"}
{"sessionId": "2a8cbc", "id": "log_1772299345152", "timestamp": 1772299345152, "location": "main.py", "message": "MainWindow._build_ui entered", "data": {}, "runId": "run1", "hypothesisId": "H2"}
{"sessionId": "2a8cbc", "id": "log_1772299345222", "timestamp": 1772299345222, "location": "main.py", "message": "UnitsTab.__init__ entered", "data": {}, "runId": "run1", "hypothesisId": "H1"}
{"sessionId": "2a8cbc", "id": "log_1772299345223", "timestamp": 1772299345223, "location": "main.py", "message": "UnitsTab.reload start", "data": {}, "runId": "run1", "hypothesisId": "H1"}
{"sessionId": "2a8cbc", "id": "log_1772299345223", "timestamp": 1772299345223, "location": "main.py", "message": "UnitsTab.reload add unit", "data": {"unit_id": 60, "name": "45117"}, "runId": "run1", "hypothesisId": "H1"}
{"sessionId": "2a8cbc", "id": "log_1772299345223", "timestamp": 1772299345223, "location": "main.py", "message": "UnitsTab.reload add unit", "data": {"unit_id": 59, "name": "45119"}, "runId": "run1", "hypothesisId": "H1"}
{"sessionId": "2a8cbc", "id": "log_1772299345223", "timestamp": 1772299345223, "location": "main.py", "message": "UnitsTab.reload add unit", "data": {"unit_id": 61, "name": "54169-КА"}, "runId": "run1", "hypothesisId": "H1"}
{"sessionId": "2a8cbc", "id": "log_1772299345223", "timestamp": 1772299345223, "location": "main.py", "message": "UnitsTab.reload add unit", "data": {"unit_id": 82, "name": "Склад-основной"}, "runId": "run1", "hypothesisId": "H1"}
{"sessionId": "2a8cbc", "id": "log_1772299345224", "timestamp": 1772299345224, "location": "main.py", "message": "UnitsTab.reload add unit", "data": {"unit_id": 83, "name": "Цех-1"}, "runId": "run1", "hypothesisId": "H1"}
{"sessionId": "2a8cbc", "id": "log_1772299345247", "timestamp": 1772299345247, "location": "main.py", "message": "Main window created", "data": {}, "runId": "run1", "hypothesisId": "H2"}
{"sessionId": "2a8cbc", "id": "log_1772299702676", "timestamp": 1772299702676, "location": "main.py", "message": "MainWindow.__init__ entered", "data": {}, "runId": "run1", "hypothesisId": "H2"}
{"sessionId": "2a8cbc", "id": "log_1772299702683", "timestamp": 1772299702683, "location": "main.py", "message": "Database initialized", "data": {"db_path": "D:\\LTO\\warehouse.db"}, "runId": "run1", "hypothesisId": "H3"}
{"sessionId": "2a8cbc", "id": "log_1772299702683", "timestamp": 1772299702683, "location": "main.py", "message": "MainWindow._build_ui entered", "data": {}, "runId": "run1", "hypothesisId": "H2"}
{"sessionId": "2a8cbc", "id": "log_1772299702746", "timestamp": 1772299702746, "location": "main.py", "message": "UnitsTab.__init__ entered", "data": {}, "runId": "run1", "hypothesisId": "H1"}
{"sessionId": "2a8cbc", "id": "log_1772299702747", "timestamp": 1772299702747, "location": "main.py", "message": "UnitsTab.reload start", "data": {}, "runId": "run1", "hypothesisId": "H1"}
{"sessionId": "2a8cbc", "id": "log_1772299702747", "timestamp": 1772299702747, "location": "main.py", "message": "UnitsTab.reload add unit", "data": {"unit_id": 60, "name": "45117"}, "runId": "run1", "hypothesisId": "H1"}
{"sessionId": "2a8cbc", "id": "log_1772299702747", "timestamp": 1772299702747, "location": "main.py", "message": "UnitsTab.reload add unit", "data": {"unit_id": 59, "name": "45119"}, "runId": "run1", "hypothesisId": "H1"}
{"sessionId": "2a8cbc", "id": "log_1772299702747", "timestamp": 1772299702747, "location": "main.py", "message": "UnitsTab.reload add unit", "data": {"unit_id": 61, "name": "54169-КА"}, "runId": "run1", "hypothesisId": "H1"}
{"sessionId": "2a8cbc", "id": "log_1772299702747", "timestamp": 1772299702747, "location": "main.py", "message": "UnitsTab.reload add unit", "data": {"unit_id": 82, "name": "Склад-основной"}, "runId": "run1", "hypothesisId": "H1"}
{"sessionId": "2a8cbc", "id": "log_1772299702748", "timestamp": 1772299702748, "location": "main.py", "message": "UnitsTab.reload add unit", "data": {"unit_id": 83, "name": "Цех-1"}, "runId": "run1", "hypothesisId": "H1"}
{"sessionId": "2a8cbc", "id": "log_1772299702769", "timestamp": 1772299702769, "location": "main.py", "message": "Main window created", "data": {}, "runId": "run1", "hypothesisId": "H2"}
{"sessionId": "2a8cbc", "id": "log_1772299967670", "timestamp": 1772299967670, "location": "main.py", "message": "MainWindow.__init__ entered", "data": {}, "runId": "run1", "hypothesisId": "H2"}
{"sessionId": "2a8cbc", "id": "log_1772299967675", "timestamp": 1772299967675, "location": "main.py", "message": "Database initialized", "data": {"db_path": "D:\\LTO\\warehouse.db"}, "runId": "run1", "hypothesisId": "H3"}
{"sessionId": "2a8cbc", "id": "log_1772299967676", "timestamp": 1772299967676, "location": "main.py", "message": "MainWindow._build_ui entered", "data": {}, "runId": "run1", "hypothesisId": "H2"}
{"sessionId": "2a8cbc", "id": "log_1772299967746", "timestamp": 1772299967746, "location": "main.py", "message": "UnitsTab.__init__ entered", "data": {}, "runId": "run1", "hypothesisId": "H1"}
{"sessionId": "2a8cbc", "id": "log_1772299967746", "timestamp": 1772299967746, "location": "main.py", "message": "UnitsTab.reload start", "data": {}, "runId": "run1", "hypothesisId": "H1"}
{"sessionId": "2a8cbc", "id": "log_1772299967746", "timestamp": 1772299967746, "location": "main.py", "message": "UnitsTab.reload add unit", "data": {"unit_id": 60, "name": "45117"}, "runId": "run1", "hypothesisId": "H1"}
{"sessionId": "2a8cbc", "id": "log_1772299967747", "timestamp": 1772299967747, "location": "main.py", "message": "UnitsTab.reload add unit", "data": {"unit_id": 59, "name": "45119"}, "runId": "run1", "hypothesisId": "H1"}
{"sessionId": "2a8cbc", "id": "log_1772299967747", "timestamp": 1772299967747, "location": "main.py", "message": "UnitsTab.reload add unit", "data": {"unit_id": 61, "name": "54169-КА"}, "runId": "run1", "hypothesisId": "H1"}
{"sessionId": "2a8cbc", "id": "log_1772299967747", "timestamp": 1772299967747, "location": "main.py", "message": "UnitsTab.reload add unit", "data": {"unit_id": 82, "name": "Склад-основной"}, "runId": "run1", "hypothesisId": "H1"}
{"sessionId": "2a8cbc", "id": "log_1772299967747", "timestamp": 1772299967747, "location": "main.py", "message": "UnitsTab.reload add unit", "data": {"unit_id": 83, "name": "Цех-1"}, "runId": "run1", "hypothesisId": "H1"}
{"sessionId": "2a8cbc", "id": "log_1772299967770", "timestamp": 1772299967770, "location": "main.py", "message": "Main window created", "data": {}, "runId": "run1", "hypothesisId": "H2"}
{"sessionId": "2a8cbc", "id": "log_1772300024437", "timestamp": 1772300024437, "location": "main.py", "message": "UnitsTab.reload start", "data": {}, "runId": "run1", "hypothesisId": "H1"}
{"sessionId": "2a8cbc", "id": "log_1772300024438", "timestamp": 1772300024438, "location": "main.py", "message": "UnitsTab.reload add unit", "data": {"unit_id": 60, "name": "45117"}, "runId": "run1", "hypothesisId": "H1"}
{"sessionId": "2a8cbc", "id": "log_1772300024438", "timestamp": 1772300024438, "location": "main.py", "message": "UnitsTab.reload add unit", "data": {"unit_id": 59, "name": "45119"}, "runId": "run1", "hypothesisId": "H1"}
{"sessionId": "2a8cbc", "id": "log_1772300024438", "timestamp": 1772300024438, "location": "main.py", "message": "UnitsTab.reload add unit", "data": {"unit_id": 61, "name": "54169-КА"}, "runId": "run1", "hypothesisId": "H1"}
{"sessionId": "2a8cbc", "id": "log_1772300024438", "timestamp": 1772300024438, "location": "main.py", "message": "UnitsTab.reload add unit", "data": {"unit_id": 82, "name": "Склад-основной"}, "runId": "run1", "hypothesisId": "H1"}
{"sessionId": "2a8cbc", "id": "log_1772300026251", "timestamp": 1772300026251, "location": "main.py", "message": "UnitsTab.reload start", "data": {}, "runId": "run1", "hypothesisId": "H1"}
{"sessionId": "2a8cbc", "id": "log_1772300026251", "timestamp": 1772300026251, "location": "main.py", "message": "UnitsTab.reload add unit", "data": {"unit_id": 60, "name": "45117"}, "runId": "run1", "hypothesisId": "H1"}
{"sessionId": "2a8cbc", "id": "log_1772300026252", "timestamp": 1772300026252, "location": "main.py", "message": "UnitsTab.reload add unit", "data": {"unit_id": 59, "name": "45119"}, "runId": "run1", "hypothesisId": "H1"}
{"sessionId": "2a8cbc", "id": "log_1772300026252", "timestamp": 1772300026252, "location": "main.py", "message": "UnitsTab.reload add unit", "data": {"unit_id": 61, "name": "54169-КА"}, "runId": "run1", "hypothesisId": "H1"}
{"sessionId": "2a8cbc", "id": "log_1772300253555", "timestamp": 1772300253555, "location": "main.py", "message": "MainWindow.__init__ entered", "data": {}, "runId": "run1", "hypothesisId": "H2"}
{"sessionId": "2a8cbc", "id": "log_1772300253561", "timestamp": 1772300253561, "location": "main.py", "message": "Database initialized", "data": {"db_path": "D:\\LTO\\warehouse.db"}, "runId": "run1", "hypothesisId": "H3"}
{"sessionId": "2a8cbc", "id": "log_1772300253561", "timestamp": 1772300253561, "location": "main.py", "message": "MainWindow._build_ui entered", "data": {}, "runId": "run1", "hypothesisId": "H2"}
{"sessionId": "2a8cbc", "id": "log_1772300253634", "timestamp": 1772300253634, "location": "main.py", "message": "UnitsTab.__init__ entered", "data": {}, "runId": "run1", "hypothesisId": "H1"}
{"sessionId": "2a8cbc", "id": "log_1772300253634", "timestamp": 1772300253634, "location": "main.py", "message": "UnitsTab.reload start", "data": {}, "runId": "run1", "hypothesisId": "H1"}
{"sessionId": "2a8cbc", "id": "log_1772300253635", "timestamp": 1772300253635, "location": "main.py", "message": "UnitsTab.reload add unit", "data": {"unit_id": 60, "name": "45117"}, "runId": "run1", "hypothesisId": "H1"}
{"sessionId": "2a8cbc", "id": "log_1772300253635", "timestamp": 1772300253635, "location": "main.py", "message": "UnitsTab.reload add unit", "data": {"unit_id": 59, "name": "45119"}, "runId": "run1", "hypothesisId": "H1"}
{"sessionId": "2a8cbc", "id": "log_1772300253635", "timestamp": 1772300253635, "location": "main.py", "message": "UnitsTab.reload add unit", "data": {"unit_id": 61, "name": "54169-КА"}, "runId": "run1", "hypothesisId": "H1"}
{"sessionId": "2a8cbc", "id": "log_1772300253636", "timestamp": 1772300253636, "location": "main.py", "message": "UnitsTab.reload add unit", "data": {"unit_id": 112, "name": "Склад-основной"}, "runId": "run1", "hypothesisId": "H1"}
{"sessionId": "2a8cbc", "id": "log_1772300253636", "timestamp": 1772300253636, "location": "main.py", "message": "UnitsTab.reload add unit", "data": {"unit_id": 113, "name": "Цех-1"}, "runId": "run1", "hypothesisId": "H1"}
{"sessionId": "2a8cbc", "id": "log_1772300253662", "timestamp": 1772300253662, "location": "main.py", "message": "Main window created", "data": {}, "runId": "run1", "hypothesisId": "H2"}
{"sessionId": "2a8cbc", "id": "log_1772300429687", "timestamp": 1772300429687, "location": "main.py", "message": "MainWindow.__init__ entered", "data": {}, "runId": "run1", "hypothesisId": "H2"}
{"sessionId": "2a8cbc", "id": "log_1772300429696", "timestamp": 1772300429696, "location": "main.py", "message": "Database initialized", "data": {"db_path": "D:\\LTO\\warehouse.db"}, "runId": "run1", "hypothesisId": "H3"}
{"sessionId": "2a8cbc", "id": "log_1772300429696", "timestamp": 1772300429696, "location": "main.py", "message": "MainWindow._build_ui entered", "data": {}, "runId": "run1", "hypothesisId": "H2"}
{"sessionId": "2a8cbc", "id": "log_1772300429767", "timestamp": 1772300429767, "location": "main.py", "message": "UnitsTab.__init__ entered", "data": {}, "runId": "run1", "hypothesisId": "H1"}
{"sessionId": "2a8cbc", "id": "log_1772300429768", "timestamp": 1772300429768, "location": "main.py", "message": "UnitsTab.reload start", "data": {}, "runId": "run1", "hypothesisId": "H1"}
{"sessionId": "2a8cbc", "id": "log_1772300429768", "timestamp": 1772300429768, "location": "main.py", "message": "UnitsTab.reload add unit", "data": {"unit_id": 60, "name": "45117"}, "runId": "run1", "hypothesisId": "H1"}
{"sessionId": "2a8cbc", "id": "log_1772300429769", "timestamp": 1772300429769, "location": "main.py", "message": "UnitsTab.reload add unit", "data": {"unit_id": 59, "name": "45119"}, "runId": "run1", "hypothesisId": "H1"}
{"sessionId": "2a8cbc", "id": "log_1772300429769", "timestamp": 1772300429769, "location": "main.py", "message": "UnitsTab.reload add unit", "data": {"unit_id": 61, "name": "54169-КА"}, "runId": "run1", "hypothesisId": "H1"}
{"sessionId": "2a8cbc", "id": "log_1772300429769", "timestamp": 1772300429769, "location": "main.py", "message": "UnitsTab.reload add unit", "data": {"unit_id": 112, "name": "Склад-основной"}, "runId": "run1", "hypothesisId": "H1"}
{"sessionId": "2a8cbc", "id": "log_1772300429769", "timestamp": 1772300429769, "location": "main.py", "message": "UnitsTab.reload add unit", "data": {"unit_id": 113, "name": "Цех-1"}, "runId": "run1", "hypothesisId": "H1"}
{"sessionId": "2a8cbc", "id": "log_1772300429794", "timestamp": 1772300429794, "location": "main.py", "message": "Main window created", "data": {}, "runId": "run1", "hypothesisId": "H2"}
{"sessionId": "2a8cbc", "id": "log_1772300596858", "timestamp": 1772300596858, "location": "main.py", "message": "MainWindow.__init__ entered", "data": {}, "runId": "run1", "hypothesisId": "H2"}
{"sessionId": "2a8cbc", "id": "log_1772300596864", "timestamp": 1772300596864, "location": "main.py", "message": "Database initialized", "data": {"db_path": "D:\\LTO\\warehouse.db"}, "runId": "run1", "hypothesisId": "H3"}
{"sessionId": "2a8cbc", "id": "log_1772300596864", "timestamp": 1772300596864, "location": "main.py", "message": "MainWindow._build_ui entered", "data": {}, "runId": "run1", "hypothesisId": "H2"}
{"sessionId": "2a8cbc", "id": "log_1772300596941", "timestamp": 1772300596941, "location": "main.py", "message": "UnitsTab.__init__ entered", "data": {}, "runId": "run1", "hypothesisId": "H1"}
{"sessionId": "2a8cbc", "id": "log_1772300596942", "timestamp": 1772300596942, "location": "main.py", "message": "UnitsTab.reload start", "data": {}, "runId": "run1", "hypothesisId": "H1"}
{"sessionId": "2a8cbc", "id": "log_1772300596942", "timestamp": 1772300596942, "location": "main.py", "message": "UnitsTab.reload add unit", "data": {"unit_id": 60, "name": "45117"}, "runId": "run1", "hypothesisId": "H1"}
{"sessionId": "2a8cbc", "id": "log_1772300596943", "timestamp": 1772300596943, "location": "main.py", "message": "UnitsTab.reload add unit", "data": {"unit_id": 59, "name": "45119"}, "runId": "run1", "hypothesisId": "H1"}
{"sessionId": "2a8cbc", "id": "log_1772300596943", "timestamp": 1772300596943, "location": "main.py", "message": "UnitsTab.reload add unit", "data": {"unit_id": 61, "name": "54169-КА"}, "runId": "run1", "hypothesisId": "H1"}
{"sessionId": "2a8cbc", "id": "log_1772300596943", "timestamp": 1772300596943, "location": "main.py", "message": "UnitsTab.reload add unit", "data": {"unit_id": 112, "name": "Склад-основной"}, "runId": "run1", "hypothesisId": "H1"}
{"sessionId": "2a8cbc", "id": "log_1772300596943", "timestamp": 1772300596943, "location": "main.py", "message": "UnitsTab.reload add unit", "data": {"unit_id": 113, "name": "Цех-1"}, "runId": "run1", "hypothesisId": "H1"}
{"sessionId": "2a8cbc", "id": "log_1772300596970", "timestamp": 1772300596970, "location": "main.py", "message": "Main window created", "data": {}, "runId": "run1", "hypothesisId": "H2"}
{"sessionId": "2a8cbc", "id": "log_1772300661566", "timestamp": 1772300661566, "location": "main.py", "message": "MainWindow.__init__ entered", "data": {}, "runId": "run1", "hypothesisId": "H2"}
{"sessionId": "2a8cbc", "id": "log_1772300661574", "timestamp": 1772300661574, "location": "main.py", "message": "Database initialized", "data": {"db_path": "D:\\LTO\\warehouse.db"}, "runId": "run1", "hypothesisId": "H3"}
{"sessionId": "2a8cbc", "id": "log_1772300661575", "timestamp": 1772300661575, "location": "main.py", "message": "MainWindow._build_ui entered", "data": {}, "runId": "run1", "hypothesisId": "H2"}
{"sessionId": "2a8cbc", "id": "log_1772300661649", "timestamp": 1772300661649, "location": "main.py", "message": "UnitsTab.__init__ entered", "data": {}, "runId": "run1", "hypothesisId": "H1"}
{"sessionId": "2a8cbc", "id": "log_1772300661650", "timestamp": 1772300661650, "location": "main.py", "message": "UnitsTab.reload start", "data": {}, "runId": "run1", "hypothesisId": "H1"}
{"sessionId": "2a8cbc", "id": "log_1772300661650", "timestamp": 1772300661650, "location": "main.py", "message": "UnitsTab.reload add unit", "data": {"unit_id": 60, "name": "45117"}, "runId": "run1", "hypothesisId": "H1"}
{"sessionId": "2a8cbc", "id": "log_1772300661650", "timestamp": 1772300661650, "location": "main.py", "message": "UnitsTab.reload add unit", "data": {"unit_id": 59, "name": "45119"}, "runId": "run1", "hypothesisId": "H1"}
{"sessionId": "2a8cbc", "id": "log_1772300661651", "timestamp": 1772300661651, "location": "main.py", "message": "UnitsTab.reload add unit", "data": {"unit_id": 61, "name": "54169-КА"}, "runId": "run1", "hypothesisId": "H1"}
{"sessionId": "2a8cbc", "id": "log_1772300661651", "timestamp": 1772300661651, "location": "main.py", "message": "UnitsTab.reload add unit", "data": {"unit_id": 112, "name": "Склад-основной"}, "runId": "run1", "hypothesisId": "H1"}
{"sessionId": "2a8cbc", "id": "log_1772300661651", "timestamp": 1772300661651, "location": "main.py", "message": "UnitsTab.reload add unit", "data": {"unit_id": 113, "name": "Цех-1"}, "runId": "run1", "hypothesisId": "H1"}
{"sessionId": "2a8cbc", "id": "log_1772300661679", "timestamp": 1772300661679, "location": "main.py", "message": "Main window created", "data": {}, "runId": "run1", "hypothesisId": "H2"}
{"sessionId": "2a8cbc", "id": "log_1772300886769", "timestamp": 1772300886769, "location": "main.py", "message": "UnitsTab.reload start", "data": {}, "runId": "run1", "hypothesisId": "H1"}
{"sessionId": "2a8cbc", "id": "log_1772300886770", "timestamp": 1772300886770, "location": "main.py", "message": "UnitsTab.reload add unit", "data": {"unit_id": 60, "name": "45117"}, "runId": "run1", "hypothesisId": "H1"}
{"sessionId": "2a8cbc", "id": "log_1772300886770", "timestamp": 1772300886770, "location": "main.py", "message": "UnitsTab.reload add unit", "data": {"unit_id": 59, "name": "45119"}, "runId": "run1", "hypothesisId": "H1"}
{"sessionId": "2a8cbc", "id": "log_1772300886770", "timestamp": 1772300886770, "location": "main.py", "message": "UnitsTab.reload add unit", "data": {"unit_id": 61, "name": "54169-КА"}, "runId": "run1", "hypothesisId": "H1"}
{"sessionId": "2a8cbc", "id": "log_1772300886770", "timestamp": 1772300886770, "location": "main.py", "message": "UnitsTab.reload add unit", "data": {"unit_id": 113, "name": "Цех-1"}, "runId": "run1", "hypothesisId": "H1"}
{"sessionId": "2a8cbc", "id": "log_1772300890839", "timestamp": 1772300890839, "location": "main.py", "message": "UnitsTab.reload start", "data": {}, "runId": "run1", "hypothesisId": "H1"}
{"sessionId": "2a8cbc", "id": "log_1772300890839", "timestamp": 1772300890839, "location": "main.py", "message": "UnitsTab.reload add unit", "data": {"unit_id": 60, "name": "45117"}, "runId": "run1", "hypothesisId": "H1"}
{"sessionId": "2a8cbc", "id": "log_1772300890839", "timestamp": 1772300890839, "location": "main.py", "message": "UnitsTab.reload add unit", "data": {"unit_id": 59, "name": "45119"}, "runId": "run1", "hypothesisId": "H1"}
{"sessionId": "2a8cbc", "id": "log_1772300890840", "timestamp": 1772300890840, "location": "main.py", "message": "UnitsTab.reload add unit", "data": {"unit_id": 61, "name": "54169-КА"}, "runId": "run1", "hypothesisId": "H1"}
{"sessionId": "2a8cbc", "id": "log_1772301851787", "timestamp": 1772301851787, "location": "main.py", "message": "MainWindow.__init__ entered", "data": {}, "runId": "run1", "hypothesisId": "H2"}
{"sessionId": "2a8cbc", "id": "log_1772301851795", "timestamp": 1772301851795, "location": "main.py", "message": "Database initialized", "data": {"db_path": "D:\\LTO\\warehouse.db"}, "runId": "run1", "hypothesisId": "H3"}
{"sessionId": "2a8cbc", "id": "log_1772301851795", "timestamp": 1772301851795, "location": "main.py", "message": "MainWindow._build_ui entered", "data": {}, "runId": "run1", "hypothesisId": "H2"}
{"sessionId": "2a8cbc", "id": "log_1772301851876", "timestamp": 1772301851876, "location": "main.py", "message": "UnitsTab.__init__ entered", "data": {}, "runId": "run1", "hypothesisId": "H1"}
{"sessionId": "2a8cbc", "id": "log_1772301851877", "timestamp": 1772301851877, "location": "main.py", "message": "UnitsTab.reload start", "data": {}, "runId": "run1", "hypothesisId": "H1"}
{"sessionId": "2a8cbc", "id": "log_1772301851877", "timestamp": 1772301851877, "location": "main.py", "message": "UnitsTab.reload add unit", "data": {"unit_id": 60, "name": "45117"}, "runId": "run1", "hypothesisId": "H1"}
{"sessionId": "2a8cbc", "id": "log_1772301851878", "timestamp": 1772301851878, "location": "main.py", "message": "UnitsTab.reload add unit", "data": {"unit_id": 59, "name": "45119"}, "runId": "run1", "hypothesisId": "H1"}
{"sessionId": "2a8cbc", "id": "log_1772301851878", "timestamp": 1772301851878, "location": "main.py", "message": "UnitsTab.reload add unit", "data": {"unit_id": 61, "name": "54169-КА"}, "runId": "run1", "hypothesisId": "H1"}
{"sessionId": "2a8cbc", "id": "log_1772301851878", "timestamp": 1772301851878, "location": "main.py", "message": "UnitsTab.reload add unit", "data": {"unit_id": 120, "name": "Склад-основной"}, "runId": "run1", "hypothesisId": "H1"}
{"sessionId": "2a8cbc", "id": "log_1772301851878", "timestamp": 1772301851878, "location": "main.py", "message": "UnitsTab.reload add unit", "data": {"unit_id": 121, "name": "Цех-1"}, "runId": "run1", "hypothesisId": "H1"}
{"sessionId": "2a8cbc", "id": "log_1772301851904", "timestamp": 1772301851904, "location": "main.py", "message": "Main window created", "data": {}, "runId": "run1", "hypothesisId": "H2"}
{"sessionId": "2a8cbc", "id": "log_1772301973808", "timestamp": 1772301973808, "location": "main.py", "message": "MainWindow.__init__ entered", "data": {}, "runId": "run1", "hypothesisId": "H2"}
{"sessionId": "2a8cbc", "id": "log_1772301973815", "timestamp": 1772301973815, "location": "main.py", "message": "Database initialized", "data": {"db_path": "D:\\LTO\\warehouse.db"}, "runId": "run1", "hypothesisId": "H3"}
{"sessionId": "2a8cbc", "id": "log_1772301973816", "timestamp": 1772301973816, "location": "main.py", "message": "MainWindow._build_ui entered", "data": {}, "runId": "run1", "hypothesisId": "H2"}
{"sessionId": "2a8cbc", "id": "log_1772301973888", "timestamp": 1772301973888, "location": "main.py", "message": "UnitsTab.__init__ entered", "data": {}, "runId": "run1", "hypothesisId": "H1"}
{"sessionId": "2a8cbc", "id": "log_1772301973889", "timestamp": 1772301973889, "location": "main.py", "message": "UnitsTab.reload start", "data": {}, "runId": "run1", "hypothesisId": "H1"}
{"sessionId": "2a8cbc", "id": "log_1772301973889", "timestamp": 1772301973889, "location": "main.py", "message": "UnitsTab.reload add unit", "data": {"unit_id": 60, "name": "45117"}, "runId": "run1", "hypothesisId": "H1"}
{"sessionId": "2a8cbc", "id": "log_1772301973890", "timestamp": 1772301973890, "location": "main.py", "message": "UnitsTab.reload add unit", "data": {"unit_id": 59, "name": "45119"}, "runId": "run1", "hypothesisId": "H1"}
{"sessionId": "2a8cbc", "id": "log_1772301973890", "timestamp": 1772301973890, "location": "main.py", "message": "UnitsTab.reload add unit", "data": {"unit_id": 61, "name": "54169-КА"}, "runId": "run1", "hypothesisId": "H1"}
{"sessionId": "2a8cbc", "id": "log_1772301973890", "timestamp": 1772301973890, "location": "main.py", "message": "UnitsTab.reload add unit", "data": {"unit_id": 120, "name": "Склад-основной"}, "runId": "run1", "hypothesisId": "H1"}
{"sessionId": "2a8cbc", "id": "log_1772301973890", "timestamp": 1772301973890, "location": "main.py", "message": "UnitsTab.reload add unit", "data": {"unit_id": 121, "name": "Цех-1"}, "runId": "run1", "hypothesisId": "H1"}
{"sessionId": "2a8cbc", "id": "log_1772301973917", "timestamp": 1772301973917, "location": "main.py", "message": "Main window created", "data": {}, "runId": "run1", "hypothesisId": "H2"}
{"sessionId": "2a8cbc", "id": "log_1772307388711", "timestamp": 1772307388711, "location": "main.py", "message": "MainWindow.__init__ entered", "data": {}, "runId": "run1", "hypothesisId": "H2"}
{"sessionId": "2a8cbc", "id": "log_1772307388717", "timestamp": 1772307388717, "location": "main.py", "message": "Database initialized", "data": {"db_path": "D:\\LTO\\warehouse.db"}, "runId": "run1", "hypothesisId": "H3"}
{"sessionId": "2a8cbc", "id": "log_1772307388718", "timestamp": 1772307388718, "location": "main.py", "message": "MainWindow._build_ui entered", "data": {}, "runId": "run1", "hypothesisId": "H2"}
{"sessionId": "2a8cbc", "id": "log_1772307390444", "timestamp": 1772307390444, "location": "main.py", "message": "UnitsTab.__init__ entered", "data": {}, "runId": "run1", "hypothesisId": "H1"}
{"sessionId": "2a8cbc", "id": "log_1772307390445", "timestamp": 1772307390445, "location": "main.py", "message": "UnitsTab.reload start", "data": {}, "runId": "run1", "hypothesisId": "H1"}
{"sessionId": "2a8cbc", "id": "log_1772307390445", "timestamp": 1772307390445, "location": "main.py", "message": "UnitsTab.reload add unit", "data": {"unit_id": 60, "name": "45117"}, "runId": "run1", "hypothesisId": "H1"}
{"sessionId": "2a8cbc", "id": "log_1772307390445", "timestamp": 1772307390445, "location": "main.py", "message": "UnitsTab.reload add unit", "data": {"unit_id": 59, "name": "45119"}, "runId": "run1", "hypothesisId": "H1"}
{"sessionId": "2a8cbc", "id": "log_1772307390445", "timestamp": 1772307390445, "location": "main.py", "message": "UnitsTab.reload add unit", "data": {"unit_id": 61, "name": "54169-КА"}, "runId": "run1", "hypothesisId": "H1"}
{"sessionId": "2a8cbc", "id": "log_1772307390446", "timestamp": 1772307390446, "location": "main.py", "message": "UnitsTab.reload add unit", "data": {"unit_id": 120, "name": "Склад-основной"}, "runId": "run1", "hypothesisId": "H1"}
{"sessionId": "2a8cbc", "id": "log_1772307390446", "timestamp": 1772307390446, "location": "main.py", "message": "UnitsTab.reload add unit", "data": {"unit_id": 121, "name": "Цех-1"}, "runId": "run1", "hypothesisId": "H1"}
{"sessionId": "2a8cbc", "id": "log_1772307390471", "timestamp": 1772307390471, "location": "main.py", "message": "Main window created", "data": {}, "runId": "run1", "hypothesisId": "H2"}
{"sessionId": "2a8cbc", "id": "log_1772307703161", "timestamp": 1772307703161, "location": "main.py", "message": "MainWindow.__init__ entered", "data": {}, "runId": "run1", "hypothesisId": "H2"}
{"sessionId": "2a8cbc", "id": "log_1772307703166", "timestamp": 1772307703166, "location": "main.py", "message": "Database initialized", "data": {"db_path": "D:\\LTO\\warehouse.db"}, "runId": "run1", "hypothesisId": "H3"}
{"sessionId": "2a8cbc", "id": "log_1772307703167", "timestamp": 1772307703167, "location": "main.py", "message": "MainWindow._build_ui entered", "data": {}, "runId": "run1", "hypothesisId": "H2"}
{"sessionId": "2a8cbc", "id": "log_1772307703242", "timestamp": 1772307703242, "location": "main.py", "message": "UnitsTab.__init__ entered", "data": {}, "runId": "run1", "hypothesisId": "H1"}
{"sessionId": "2a8cbc", "id": "log_1772307703243", "timestamp": 1772307703243, "location": "main.py", "message": "UnitsTab.reload start", "data": {}, "runId": "run1", "hypothesisId": "H1"}
{"sessionId": "2a8cbc", "id": "log_1772307703244", "timestamp": 1772307703244, "location": "main.py", "message": "UnitsTab.reload add unit", "data": {"unit_id": 60, "name": "45117"}, "runId": "run1", "hypothesisId": "H1"}
{"sessionId": "2a8cbc", "id": "log_1772307703244", "timestamp": 1772307703244, "location": "main.py", "message": "UnitsTab.reload add unit", "data": {"unit_id": 59, "name": "45119"}, "runId": "run1", "hypothesisId": "H1"}
{"sessionId": "2a8cbc", "id": "log_1772307703244", "timestamp": 1772307703244, "location": "main.py", "message": "UnitsTab.reload add unit", "data": {"unit_id": 61, "name": "54169-КА"}, "runId": "run1", "hypothesisId": "H1"}
{"sessionId": "2a8cbc", "id": "log_1772307703244", "timestamp": 1772307703244, "location": "main.py", "message": "UnitsTab.reload add unit", "data": {"unit_id": 120, "name": "Склад-основной"}, "runId": "run1", "hypothesisId": "H1"}
{"sessionId": "2a8cbc", "id": "log_1772307703245", "timestamp": 1772307703245, "location": "main.py", "message": "UnitsTab.reload add unit", "data": {"unit_id": 121, "name": "Цех-1"}, "runId": "run1", "hypothesisId": "H1"}
{"sessionId": "2a8cbc", "id": "log_1772307703272", "timestamp": 1772307703272, "location": "main.py", "message": "Main window created", "data": {}, "runId": "run1", "hypothesisId": "H2"}
{"sessionId": "2a8cbc", "id": "log_1772309287508", "timestamp": 1772309287508, "location": "main.py", "message": "MainWindow.__init__ entered", "data": {}, "runId": "run1", "hypothesisId": "H2"}
{"sessionId": "2a8cbc", "id": "log_1772309287514", "timestamp": 1772309287514, "location": "main.py", "message": "Database initialized", "data": {"db_path": "D:\\LTO\\warehouse.db"}, "runId": "run1", "hypothesisId": "H3"}
{"sessionId": "2a8cbc", "id": "log_1772309287514", "timestamp": 1772309287514, "location": "main.py", "message": "MainWindow._build_ui entered", "data": {}, "runId": "run1", "hypothesisId": "H2"}
{"sessionId": "2a8cbc", "id": "log_1772309287769", "timestamp": 1772309287769, "location": "main.py", "message": "UnitsTab.__init__ entered", "data": {}, "runId": "run1", "hypothesisId": "H1"}
{"sessionId": "2a8cbc", "id": "log_1772309287770", "timestamp": 1772309287770, "location": "main.py", "message": "UnitsTab.reload start", "data": {}, "runId": "run1", "hypothesisId": "H1"}
{"sessionId": "2a8cbc", "id": "log_1772309287770", "timestamp": 1772309287770, "location": "main.py", "message": "UnitsTab.reload add unit", "data": {"unit_id": 60, "name": "45117"}, "runId": "run1", "hypothesisId": "H1"}
{"sessionId": "2a8cbc", "id": "log_1772309287770", "timestamp": 1772309287770, "location": "main.py", "message": "UnitsTab.reload add unit", "data": {"unit_id": 59, "name": "45119"}, "runId": "run1", "hypothesisId": "H1"}
{"sessionId": "2a8cbc", "id": "log_1772309287770", "timestamp": 1772309287770, "location": "main.py", "message": "UnitsTab.reload add unit", "data": {"unit_id": 61, "name": "54169-КА"}, "runId": "run1", "hypothesisId": "H1"}
{"sessionId": "2a8cbc", "id": "log_1772309287771", "timestamp": 1772309287771, "location": "main.py", "message": "UnitsTab.reload add unit", "data": {"unit_id": 120, "name": "Склад-основной"}, "runId": "run1", "hypothesisId": "H1"}
{"sessionId": "2a8cbc", "id": "log_1772309287771", "timestamp": 1772309287771, "location": "main.py", "message": "UnitsTab.reload add unit", "data": {"unit_id": 121, "name": "Цех-1"}, "runId": "run1", "hypothesisId": "H1"}
{"sessionId": "2a8cbc", "id": "log_1772309287796", "timestamp": 1772309287796, "location": "main.py", "message": "Main window created", "data": {}, "runId": "run1", "hypothesisId": "H2"}
{"sessionId": "2a8cbc", "id": "log_1772309573306", "timestamp": 1772309573306, "location": "main.py", "message": "MainWindow.__init__ entered", "data": {}, "runId": "run1", "hypothesisId": "H2"}
{"sessionId": "2a8cbc", "id": "log_1772309573313", "timestamp": 1772309573313, "location": "main.py", "message": "Database initialized", "data": {"db_path": "D:\\LTO\\warehouse.db"}, "runId": "run1", "hypothesisId": "H3"}
{"sessionId": "2a8cbc", "id": "log_1772309573313", "timestamp": 1772309573313, "location": "main.py", "message": "MainWindow._build_ui entered", "data": {}, "runId": "run1", "hypothesisId": "H2"}
{"sessionId": "2a8cbc", "id": "log_1772309573538", "timestamp": 1772309573538, "location": "main.py", "message": "UnitsTab.__init__ entered", "data": {}, "runId": "run1", "hypothesisId": "H1"}
{"sessionId": "2a8cbc", "id": "log_1772309573538", "timestamp": 1772309573538, "location": "main.py", "message": "UnitsTab.reload start", "data": {}, "runId": "run1", "hypothesisId": "H1"}
{"sessionId": "2a8cbc", "id": "log_1772309573539", "timestamp": 1772309573539, "location": "main.py", "message": "UnitsTab.reload add unit", "data": {"unit_id": 60, "name": "45117"}, "runId": "run1", "hypothesisId": "H1"}
{"sessionId": "2a8cbc", "id": "log_1772309573539", "timestamp": 1772309573539, "location": "main.py", "message": "UnitsTab.reload add unit", "data": {"unit_id": 59, "name": "45119"}, "runId": "run1", "hypothesisId": "H1"}
{"sessionId": "2a8cbc", "id": "log_1772309573539", "timestamp": 1772309573539, "location": "main.py", "message": "UnitsTab.reload add unit", "data": {"unit_id": 61, "name": "54169-КА"}, "runId": "run1", "hypothesisId": "H1"}
{"sessionId": "2a8cbc", "id": "log_1772309573539", "timestamp": 1772309573539, "location": "main.py", "message": "UnitsTab.reload add unit", "data": {"unit_id": 120, "name": "Склад-основной"}, "runId": "run1", "hypothesisId": "H1"}
{"sessionId": "2a8cbc", "id": "log_1772309573539", "timestamp": 1772309573539, "location": "main.py", "message": "UnitsTab.reload add unit", "data": {"unit_id": 121, "name": "Цех-1"}, "runId": "run1", "hypothesisId": "H1"}
{"sessionId": "2a8cbc", "id": "log_1772309573563", "timestamp": 1772309573563, "location": "main.py", "message": "Main window created", "data": {}, "runId": "run1", "hypothesisId": "H2"}
{"sessionId": "2a8cbc", "id": "log_1772309800889", "timestamp": 1772309800889, "location": "main.py", "message": "MainWindow.__init__ entered", "data": {}, "runId": "run1", "hypothesisId": "H2"}
{"sessionId": "2a8cbc", "id": "log_1772309800895", "timestamp": 1772309800895, "location": "main.py", "message": "Database initialized", "data": {"db_path": "D:\\LTO\\warehouse.db"}, "runId": "run1", "hypothesisId": "H3"}
{"sessionId": "2a8cbc", "id": "log_1772309800895", "timestamp": 1772309800895, "location": "main.py", "message": "MainWindow._build_ui entered", "data": {}, "runId": "run1", "hypothesisId": "H2"}
{"sessionId": "2a8cbc", "id": "log_1772309800973", "timestamp": 1772309800973, "location": "main.py", "message": "UnitsTab.__init__ entered", "data": {}, "runId": "run1", "hypothesisId": "H1"}
{"sessionId": "2a8cbc", "id": "log_1772309800973", "timestamp": 1772309800973, "location": "main.py", "message": "UnitsTab.reload start", "data": {}, "runId": "run1", "hypothesisId": "H1"}
{"sessionId": "2a8cbc", "id": "log_1772309800973", "timestamp": 1772309800973, "location": "main.py", "message": "UnitsTab.reload add unit", "data": {"unit_id": 60, "name": "45117"}, "runId": "run1", "hypothesisId": "H1"}
{"sessionId": "2a8cbc", "id": "log_1772309800974", "timestamp": 1772309800974, "location": "main.py", "message": "UnitsTab.reload add unit", "data": {"unit_id": 59, "name": "45119"}, "runId": "run1", "hypothesisId": "H1"}
{"sessionId": "2a8cbc", "id": "log_1772309800974", "timestamp": 1772309800974, "location": "main.py", "message": "UnitsTab.reload add unit", "data": {"unit_id": 61, "name": "54169-КА"}, "runId": "run1", "hypothesisId": "H1"}
{"sessionId": "2a8cbc", "id": "log_1772309800974", "timestamp": 1772309800974, "location": "main.py", "message": "UnitsTab.reload add unit", "data": {"unit_id": 120, "name": "Склад-основной"}, "runId": "run1", "hypothesisId": "H1"}
{"sessionId": "2a8cbc", "id": "log_1772309800974", "timestamp": 1772309800974, "location": "main.py", "message": "UnitsTab.reload add unit", "data": {"unit_id": 121, "name": "Цех-1"}, "runId": "run1", "hypothesisId": "H1"}
{"sessionId": "2a8cbc", "id": "log_1772309801001", "timestamp": 1772309801001, "location": "main.py", "message": "Main window created", "data": {}, "runId": "run1", "hypothesisId": "H2"}
{"sessionId": "2a8cbc", "id": "log_1772310079782", "timestamp": 1772310079782, "location": "main.py", "message": "UnitsTab.reload start", "data": {}, "runId": "run1", "hypothesisId": "H1"}
{"sessionId": "2a8cbc", "id": "log_1772310079782", "timestamp": 1772310079782, "location": "main.py", "message": "UnitsTab.reload add unit", "data": {"unit_id": 60, "name": "45117"}, "runId": "run1", "hypothesisId": "H1"}
{"sessionId": "2a8cbc", "id": "log_1772310079782", "timestamp": 1772310079782, "location": "main.py", "message": "UnitsTab.reload add unit", "data": {"unit_id": 59, "name": "45119"}, "runId": "run1", "hypothesisId": "H1"}
{"sessionId": "2a8cbc", "id": "log_1772310079782", "timestamp": 1772310079782, "location": "main.py", "message": "UnitsTab.reload add unit", "data": {"unit_id": 61, "name": "54169-КА"}, "runId": "run1", "hypothesisId": "H1"}
{"sessionId": "2a8cbc", "id": "log_1772310079783", "timestamp": 1772310079783, "location": "main.py", "message": "UnitsTab.reload add unit", "data": {"unit_id": 121, "name": "Цех-1"}, "runId": "run1", "hypothesisId": "H1"}
{"sessionId": "2a8cbc", "id": "log_1772310082499", "timestamp": 1772310082499, "location": "main.py", "message": "UnitsTab.reload start", "data": {}, "runId": "run1", "hypothesisId": "H1"}
{"sessionId": "2a8cbc", "id": "log_1772310082499", "timestamp": 1772310082499, "location": "main.py", "message": "UnitsTab.reload add unit", "data": {"unit_id": 60, "name": "45117"}, "runId": "run1", "hypothesisId": "H1"}
{"sessionId": "2a8cbc", "id": "log_1772310082500", "timestamp": 1772310082500, "location": "main.py", "message": "UnitsTab.reload add unit", "data": {"unit_id": 59, "name": "45119"}, "runId": "run1", "hypothesisId": "H1"}
{"sessionId": "2a8cbc", "id": "log_1772310082500", "timestamp": 1772310082500, "location": "main.py", "message": "UnitsTab.reload add unit", "data": {"unit_id": 61, "name": "54169-КА"}, "runId": "run1", "hypothesisId": "H1"}
